This file contains any messages produced by compilers while
running configure, to aid debugging if configure makes a mistake.

It was created by wolfssl configure 3.7.0, which was
generated by GNU Autoconf 2.69.  Invocation command line was

  $ ./configure --enable-sniffer --enable-arc4

## --------- ##
## Platform. ##
## --------- ##

hostname = deeks-Studio-XPS-1640
uname -m = x86_64
uname -r = 3.19.0-25-generic
uname -s = Linux
uname -v = #26~14.04.1-Ubuntu SMP Fri Jul 24 21:16:20 UTC 2015

/usr/bin/uname -p = unknown
/bin/uname -X     = unknown

/bin/arch              = unknown
/usr/bin/arch -k       = unknown
/usr/convex/getsysinfo = unknown
/usr/bin/hostinfo      = unknown
/bin/machine           = unknown
/usr/bin/oslevel       = unknown
/bin/universe          = unknown

PATH: /usr/local/sbin
PATH: /usr/local/bin
PATH: /usr/sbin
PATH: /usr/bin
PATH: /sbin
PATH: /bin
PATH: /usr/games
PATH: /usr/local/games


## ----------- ##
## Core tests. ##
## ----------- ##

configure:3031: checking build system type
configure:3045: result: x86_64-unknown-linux-gnu
configure:3065: checking host system type
configure:3078: result: x86_64-unknown-linux-gnu
configure:3116: checking for a BSD-compatible install
configure:3184: result: /usr/bin/install -c
configure:3195: checking whether build environment is sane
configure:3250: result: yes
configure:3401: checking for a thread-safe mkdir -p
configure:3440: result: /bin/mkdir -p
configure:3447: checking for gawk
configure:3477: result: no
configure:3447: checking for mawk
configure:3463: found /usr/bin/mawk
configure:3474: result: mawk
configure:3485: checking whether make sets $(MAKE)
configure:3507: result: yes
configure:3536: checking whether make supports nested variables
configure:3553: result: yes
configure:3633: checking whether UID '1000' is supported by ustar format
configure:3636: result: yes
configure:3643: checking whether GID '1000' is supported by ustar format
configure:3646: result: yes
configure:3654: checking how to create a ustar tar archive
configure:3665: tar --version
tar (GNU tar) 1.27.1
Copyright (C) 2013 Free Software Foundation, Inc.
License GPLv3+: GNU GPL version 3 or later <http://gnu.org/licenses/gpl.html>.
This is free software: you are free to change and redistribute it.
There is NO WARRANTY, to the extent permitted by law.

Written by John Gilmore and Jay Fenlason.
configure:3668: $? = 0
configure:3708: tardir=conftest.dir && eval tar --format=ustar -chf - "$tardir" >conftest.tar
configure:3711: $? = 0
configure:3715: tar -xf - <conftest.tar
configure:3718: $? = 0
configure:3720: cat conftest.dir/file
GrepMe
configure:3723: $? = 0
configure:3736: result: gnutar
configure:3862: checking how to print strings
configure:3889: result: printf
configure:3922: checking for style of include used by make
configure:3950: result: GNU
configure:4021: checking for gcc
configure:4037: found /usr/bin/gcc
configure:4048: result: gcc
configure:4277: checking for C compiler version
configure:4286: gcc --version >&5
gcc (Ubuntu 4.8.4-2ubuntu1~14.04) 4.8.4
Copyright (C) 2013 Free Software Foundation, Inc.
This is free software; see the source for copying conditions.  There is NO
warranty; not even for MERCHANTABILITY or FITNESS FOR A PARTICULAR PURPOSE.

configure:4297: $? = 0
configure:4286: gcc -v >&5
Using built-in specs.
COLLECT_GCC=gcc
COLLECT_LTO_WRAPPER=/usr/lib/gcc/x86_64-linux-gnu/4.8/lto-wrapper
Target: x86_64-linux-gnu
Configured with: ../src/configure -v --with-pkgversion='Ubuntu 4.8.4-2ubuntu1~14.04' --with-bugurl=file:///usr/share/doc/gcc-4.8/README.Bugs --enable-languages=c,c++,java,go,d,fortran,objc,obj-c++ --prefix=/usr --program-suffix=-4.8 --enable-shared --enable-linker-build-id --libexecdir=/usr/lib --without-included-gettext --enable-threads=posix --with-gxx-include-dir=/usr/include/c++/4.8 --libdir=/usr/lib --enable-nls --with-sysroot=/ --enable-clocale=gnu --enable-libstdcxx-debug --enable-libstdcxx-time=yes --enable-gnu-unique-object --disable-libmudflap --enable-plugin --with-system-zlib --disable-browser-plugin --enable-java-awt=gtk --enable-gtk-cairo --with-java-home=/usr/lib/jvm/java-1.5.0-gcj-4.8-amd64/jre --enable-java-home --with-jvm-root-dir=/usr/lib/jvm/java-1.5.0-gcj-4.8-amd64 --with-jvm-jar-dir=/usr/lib/jvm-exports/java-1.5.0-gcj-4.8-amd64 --with-arch-directory=amd64 --with-ecj-jar=/usr/share/java/eclipse-ecj.jar --enable-objc-gc --enable-multiarch --disable-werror --with-arch-32=i686 --with-abi=m64 --with-multilib-list=m32,m64,mx32 --with-tune=generic --enable-checking=release --build=x86_64-linux-gnu --host=x86_64-linux-gnu --target=x86_64-linux-gnu
Thread model: posix
gcc version 4.8.4 (Ubuntu 4.8.4-2ubuntu1~14.04) 
configure:4297: $? = 0
configure:4286: gcc -V >&5
gcc: error: unrecognized command line option '-V'
gcc: fatal error: no input files
compilation terminated.
configure:4297: $? = 4
configure:4286: gcc -qversion >&5
gcc: error: unrecognized command line option '-qversion'
gcc: fatal error: no input files
compilation terminated.
configure:4297: $? = 4
configure:4317: checking whether the C compiler works
configure:4339: gcc    conftest.c  >&5
configure:4343: $? = 0
configure:4391: result: yes
configure:4394: checking for C compiler default output file name
configure:4396: result: a.out
configure:4402: checking for suffix of executables
configure:4409: gcc -o conftest    conftest.c  >&5
configure:4413: $? = 0
configure:4435: result: 
configure:4457: checking whether we are cross compiling
configure:4465: gcc -o conftest    conftest.c  >&5
configure:4469: $? = 0
configure:4476: ./conftest
configure:4480: $? = 0
configure:4495: result: no
configure:4500: checking for suffix of object files
configure:4522: gcc -c   conftest.c >&5
configure:4526: $? = 0
configure:4547: result: o
configure:4551: checking whether we are using the GNU C compiler
configure:4570: gcc -c   conftest.c >&5
configure:4570: $? = 0
configure:4579: result: yes
configure:4588: checking whether gcc accepts -g
configure:4608: gcc -c -g  conftest.c >&5
configure:4608: $? = 0
configure:4649: result: yes
configure:4666: checking for gcc option to accept ISO C89
configure:4729: gcc  -c   conftest.c >&5
configure:4729: $? = 0
configure:4742: result: none needed
configure:4767: checking whether gcc understands -c and -o together
configure:4789: gcc -c conftest.c -o conftest2.o
configure:4792: $? = 0
configure:4789: gcc -c conftest.c -o conftest2.o
configure:4792: $? = 0
configure:4804: result: yes
configure:4823: checking dependency style of gcc
configure:4934: result: gcc3
configure:4949: checking for a sed that does not truncate output
configure:5013: result: /bin/sed
configure:5031: checking for grep that handles long lines and -e
configure:5089: result: /bin/grep
configure:5094: checking for egrep
configure:5156: result: /bin/grep -E
configure:5161: checking for fgrep
configure:5223: result: /bin/grep -F
configure:5258: checking for ld used by gcc
configure:5325: result: /usr/bin/ld
configure:5332: checking if the linker (/usr/bin/ld) is GNU ld
configure:5347: result: yes
configure:5359: checking for BSD- or MS-compatible name lister (nm)
configure:5408: result: /usr/bin/nm -B
configure:5538: checking the name lister (/usr/bin/nm -B) interface
configure:5545: gcc -c   conftest.c >&5
configure:5548: /usr/bin/nm -B "conftest.o"
configure:5551: output
0000000000000000 B some_variable
configure:5558: result: BSD nm
configure:5561: checking whether ln -s works
configure:5565: result: yes
configure:5573: checking the maximum length of command line arguments
configure:5703: result: 1572864
configure:5720: checking whether the shell understands some XSI constructs
configure:5730: result: yes
configure:5734: checking whether the shell understands "+="
configure:5740: result: yes
configure:5775: checking how to convert x86_64-unknown-linux-gnu file names to x86_64-unknown-linux-gnu format
configure:5815: result: func_convert_file_noop
configure:5822: checking how to convert x86_64-unknown-linux-gnu file names to toolchain format
configure:5842: result: func_convert_file_noop
configure:5849: checking for /usr/bin/ld option to reload object files
configure:5856: result: -r
configure:5930: checking for objdump
configure:5946: found /usr/bin/objdump
configure:5957: result: objdump
configure:5989: checking how to recognize dependent libraries
configure:6191: result: pass_all
configure:6276: checking for dlltool
configure:6306: result: no
configure:6336: checking how to associate runtime and link libraries
configure:6363: result: printf %s\n
configure:6424: checking for ar
configure:6440: found /usr/bin/ar
configure:6451: result: ar
configure:6488: checking for archiver @FILE support
configure:6505: gcc -c   conftest.c >&5
configure:6505: $? = 0
configure:6508: ar cru libconftest.a @conftest.lst >&5
configure:6511: $? = 0
configure:6516: ar cru libconftest.a @conftest.lst >&5
ar: conftest.o: No such file or directory
configure:6519: $? = 1
configure:6531: result: @
configure:6589: checking for strip
configure:6605: found /usr/bin/strip
configure:6616: result: strip
configure:6688: checking for ranlib
configure:6704: found /usr/bin/ranlib
configure:6715: result: ranlib
configure:6817: checking command to parse /usr/bin/nm -B output from gcc object
configure:6937: gcc -c   conftest.c >&5
configure:6940: $? = 0
configure:6944: /usr/bin/nm -B conftest.o \| sed -n -e 's/^.*[ ]\([ABCDGIRSTW][ABCDGIRSTW]*\)[ ][ ]*\([_A-Za-z][_A-Za-z0-9]*\)$/\1 \2 \2/p' | sed '/ __gnu_lto/d' \> conftest.nm
configure:6947: $? = 0
configure:7013: gcc -o conftest    conftest.c conftstm.o >&5
configure:7016: $? = 0
configure:7054: result: ok
configure:7091: checking for sysroot
configure:7121: result: no
configure:7198: gcc -c   conftest.c >&5
configure:7201: $? = 0
configure:7377: checking for mt
configure:7393: found /bin/mt
configure:7404: result: mt
configure:7427: checking if mt is a manifest tool
configure:7433: mt '-?'
configure:7441: result: no
configure:8083: checking how to run the C preprocessor
configure:8114: gcc -E  conftest.c
configure:8114: $? = 0
configure:8128: gcc -E  conftest.c
conftest.c:9:28: fatal error: ac_nonexistent.h: No such file or directory
 #include <ac_nonexistent.h>
                            ^
compilation terminated.
configure:8128: $? = 1
configure: failed program was:
| /* confdefs.h */
| #define PACKAGE_NAME "wolfssl"
| #define PACKAGE_TARNAME "wolfssl"
| #define PACKAGE_VERSION "3.7.0"
| #define PACKAGE_STRING "wolfssl 3.7.0"
| #define PACKAGE_BUGREPORT "https://github.com/wolfssl/wolfssl/issues"
| #define PACKAGE_URL "http://www.wolfssl.com"
| /* end confdefs.h.  */
| #include <ac_nonexistent.h>
configure:8153: result: gcc -E
configure:8173: gcc -E  conftest.c
configure:8173: $? = 0
configure:8187: gcc -E  conftest.c
conftest.c:9:28: fatal error: ac_nonexistent.h: No such file or directory
 #include <ac_nonexistent.h>
                            ^
compilation terminated.
configure:8187: $? = 1
configure: failed program was:
| /* confdefs.h */
| #define PACKAGE_NAME "wolfssl"
| #define PACKAGE_TARNAME "wolfssl"
| #define PACKAGE_VERSION "3.7.0"
| #define PACKAGE_STRING "wolfssl 3.7.0"
| #define PACKAGE_BUGREPORT "https://github.com/wolfssl/wolfssl/issues"
| #define PACKAGE_URL "http://www.wolfssl.com"
| /* end confdefs.h.  */
| #include <ac_nonexistent.h>
configure:8216: checking for ANSI C header files
configure:8236: gcc -c   conftest.c >&5
configure:8236: $? = 0
configure:8309: gcc -o conftest    conftest.c  >&5
configure:8309: $? = 0
configure:8309: ./conftest
configure:8309: $? = 0
configure:8320: result: yes
configure:8333: checking for sys/types.h
configure:8333: gcc -c   conftest.c >&5
configure:8333: $? = 0
configure:8333: result: yes
configure:8333: checking for sys/stat.h
configure:8333: gcc -c   conftest.c >&5
configure:8333: $? = 0
configure:8333: result: yes
configure:8333: checking for stdlib.h
configure:8333: gcc -c   conftest.c >&5
configure:8333: $? = 0
configure:8333: result: yes
configure:8333: checking for string.h
configure:8333: gcc -c   conftest.c >&5
configure:8333: $? = 0
configure:8333: result: yes
configure:8333: checking for memory.h
configure:8333: gcc -c   conftest.c >&5
configure:8333: $? = 0
configure:8333: result: yes
configure:8333: checking for strings.h
configure:8333: gcc -c   conftest.c >&5
configure:8333: $? = 0
configure:8333: result: yes
configure:8333: checking for inttypes.h
configure:8333: gcc -c   conftest.c >&5
configure:8333: $? = 0
configure:8333: result: yes
configure:8333: checking for stdint.h
configure:8333: gcc -c   conftest.c >&5
configure:8333: $? = 0
configure:8333: result: yes
configure:8333: checking for unistd.h
configure:8333: gcc -c   conftest.c >&5
configure:8333: $? = 0
configure:8333: result: yes
configure:8347: checking for dlfcn.h
configure:8347: gcc -c   conftest.c >&5
configure:8347: $? = 0
configure:8347: result: yes
configure:8552: checking for objdir
configure:8567: result: .libs
configure:8838: checking if gcc supports -fno-rtti -fno-exceptions
configure:8856: gcc -c   -fno-rtti -fno-exceptions conftest.c >&5
cc1: warning: command line option '-fno-rtti' is valid for C++/ObjC++ but not for C [enabled by default]
configure:8860: $? = 0
configure:8873: result: no
configure:9200: checking for gcc option to produce PIC
configure:9207: result: -fPIC -DPIC
configure:9215: checking if gcc PIC flag -fPIC -DPIC works
configure:9233: gcc -c   -fPIC -DPIC -DPIC conftest.c >&5
configure:9237: $? = 0
configure:9250: result: yes
configure:9279: checking if gcc static flag -static works
configure:9307: result: yes
configure:9322: checking if gcc supports -c -o file.o
configure:9343: gcc -c   -o out/conftest2.o conftest.c >&5
configure:9347: $? = 0
configure:9369: result: yes
configure:9377: checking if gcc supports -c -o file.o
configure:9424: result: yes
configure:9457: checking whether the gcc linker (/usr/bin/ld -m elf_x86_64) supports shared libraries
configure:10610: result: yes
configure:10647: checking whether -lc should be explicitly linked in
configure:10655: gcc -c   conftest.c >&5
configure:10658: $? = 0
configure:10673: gcc -shared  -fPIC -DPIC conftest.o  -v -Wl,-soname -Wl,conftest -o conftest 2\>\&1 \| /bin/grep  -lc  \>/dev/null 2\>\&1
configure:10676: $? = 0
configure:10690: result: no
configure:10850: checking dynamic linker characteristics
configure:11361: gcc -o conftest    -Wl,-rpath -Wl,/foo conftest.c  >&5
configure:11361: $? = 0
configure:11583: result: GNU/Linux ld.so
configure:11690: checking how to hardcode library paths into programs
configure:11715: result: immediate
configure:12255: checking whether stripping libraries is possible
configure:12260: result: yes
configure:12295: checking if libtool supports shared libraries
configure:12297: result: yes
configure:12300: checking whether to build shared libraries
configure:12321: result: yes
configure:12324: checking whether to build static libraries
configure:12328: result: no
configure:12423: checking for g++
configure:12439: found /usr/bin/g++
configure:12450: result: g++
configure:12477: checking for C++ compiler version
configure:12486: g++ --version >&5
g++ (Ubuntu 4.8.4-2ubuntu1~14.04) 4.8.4
Copyright (C) 2013 Free Software Foundation, Inc.
This is free software; see the source for copying conditions.  There is NO
warranty; not even for MERCHANTABILITY or FITNESS FOR A PARTICULAR PURPOSE.

configure:12497: $? = 0
configure:12486: g++ -v >&5
Using built-in specs.
COLLECT_GCC=g++
COLLECT_LTO_WRAPPER=/usr/lib/gcc/x86_64-linux-gnu/4.8/lto-wrapper
Target: x86_64-linux-gnu
Configured with: ../src/configure -v --with-pkgversion='Ubuntu 4.8.4-2ubuntu1~14.04' --with-bugurl=file:///usr/share/doc/gcc-4.8/README.Bugs --enable-languages=c,c++,java,go,d,fortran,objc,obj-c++ --prefix=/usr --program-suffix=-4.8 --enable-shared --enable-linker-build-id --libexecdir=/usr/lib --without-included-gettext --enable-threads=posix --with-gxx-include-dir=/usr/include/c++/4.8 --libdir=/usr/lib --enable-nls --with-sysroot=/ --enable-clocale=gnu --enable-libstdcxx-debug --enable-libstdcxx-time=yes --enable-gnu-unique-object --disable-libmudflap --enable-plugin --with-system-zlib --disable-browser-plugin --enable-java-awt=gtk --enable-gtk-cairo --with-java-home=/usr/lib/jvm/java-1.5.0-gcj-4.8-amd64/jre --enable-java-home --with-jvm-root-dir=/usr/lib/jvm/java-1.5.0-gcj-4.8-amd64 --with-jvm-jar-dir=/usr/lib/jvm-exports/java-1.5.0-gcj-4.8-amd64 --with-arch-directory=amd64 --with-ecj-jar=/usr/share/java/eclipse-ecj.jar --enable-objc-gc --enable-multiarch --disable-werror --with-arch-32=i686 --with-abi=m64 --with-multilib-list=m32,m64,mx32 --with-tune=generic --enable-checking=release --build=x86_64-linux-gnu --host=x86_64-linux-gnu --target=x86_64-linux-gnu
Thread model: posix
gcc version 4.8.4 (Ubuntu 4.8.4-2ubuntu1~14.04) 
configure:12497: $? = 0
configure:12486: g++ -V >&5
g++: error: unrecognized command line option '-V'
g++: fatal error: no input files
compilation terminated.
configure:12497: $? = 4
configure:12486: g++ -qversion >&5
g++: error: unrecognized command line option '-qversion'
g++: fatal error: no input files
compilation terminated.
configure:12497: $? = 4
configure:12501: checking whether we are using the GNU C++ compiler
configure:12520: g++ -c   conftest.cpp >&5
configure:12520: $? = 0
configure:12529: result: yes
configure:12538: checking whether g++ accepts -g
configure:12558: g++ -c -g  conftest.cpp >&5
configure:12558: $? = 0
configure:12599: result: yes
configure:12624: checking dependency style of g++
configure:12735: result: gcc3
configure:12769: checking how to run the C++ preprocessor
configure:12796: g++ -E  conftest.cpp
configure:12796: $? = 0
configure:12810: g++ -E  conftest.cpp
conftest.cpp:21:28: fatal error: ac_nonexistent.h: No such file or directory
 #include <ac_nonexistent.h>
                            ^
compilation terminated.
configure:12810: $? = 1
configure: failed program was:
| /* confdefs.h */
| #define PACKAGE_NAME "wolfssl"
| #define PACKAGE_TARNAME "wolfssl"
| #define PACKAGE_VERSION "3.7.0"
| #define PACKAGE_STRING "wolfssl 3.7.0"
| #define PACKAGE_BUGREPORT "https://github.com/wolfssl/wolfssl/issues"
| #define PACKAGE_URL "http://www.wolfssl.com"
| #define STDC_HEADERS 1
| #define HAVE_SYS_TYPES_H 1
| #define HAVE_SYS_STAT_H 1
| #define HAVE_STDLIB_H 1
| #define HAVE_STRING_H 1
| #define HAVE_MEMORY_H 1
| #define HAVE_STRINGS_H 1
| #define HAVE_INTTYPES_H 1
| #define HAVE_STDINT_H 1
| #define HAVE_UNISTD_H 1
| #define HAVE_DLFCN_H 1
| #define LT_OBJDIR ".libs/"
| /* end confdefs.h.  */
| #include <ac_nonexistent.h>
configure:12835: result: g++ -E
configure:12855: g++ -E  conftest.cpp
configure:12855: $? = 0
configure:12869: g++ -E  conftest.cpp
conftest.cpp:21:28: fatal error: ac_nonexistent.h: No such file or directory
 #include <ac_nonexistent.h>
                            ^
compilation terminated.
configure:12869: $? = 1
configure: failed program was:
| /* confdefs.h */
| #define PACKAGE_NAME "wolfssl"
| #define PACKAGE_TARNAME "wolfssl"
| #define PACKAGE_VERSION "3.7.0"
| #define PACKAGE_STRING "wolfssl 3.7.0"
| #define PACKAGE_BUGREPORT "https://github.com/wolfssl/wolfssl/issues"
| #define PACKAGE_URL "http://www.wolfssl.com"
| #define STDC_HEADERS 1
| #define HAVE_SYS_TYPES_H 1
| #define HAVE_SYS_STAT_H 1
| #define HAVE_STDLIB_H 1
| #define HAVE_STRING_H 1
| #define HAVE_MEMORY_H 1
| #define HAVE_STRINGS_H 1
| #define HAVE_INTTYPES_H 1
| #define HAVE_STDINT_H 1
| #define HAVE_UNISTD_H 1
| #define HAVE_DLFCN_H 1
| #define LT_OBJDIR ".libs/"
| /* end confdefs.h.  */
| #include <ac_nonexistent.h>
configure:13038: checking for ld used by g++
configure:13105: result: /usr/bin/ld -m elf_x86_64
configure:13112: checking if the linker (/usr/bin/ld -m elf_x86_64) is GNU ld
configure:13127: result: yes
configure:13182: checking whether the g++ linker (/usr/bin/ld -m elf_x86_64) supports shared libraries
configure:14187: result: yes
configure:14223: g++ -c -g -O2  conftest.cpp >&5
configure:14226: $? = 0
configure:14746: checking for g++ option to produce PIC
configure:14753: result: -fPIC -DPIC
configure:14761: checking if g++ PIC flag -fPIC -DPIC works
configure:14779: g++ -c -g -O2  -fPIC -DPIC -DPIC conftest.cpp >&5
configure:14783: $? = 0
configure:14796: result: yes
configure:14819: checking if g++ static flag -static works
configure:14847: result: yes
configure:14859: checking if g++ supports -c -o file.o
configure:14880: g++ -c -g -O2  -o out/conftest2.o conftest.cpp >&5
configure:14884: $? = 0
configure:14906: result: yes
configure:14911: checking if g++ supports -c -o file.o
configure:14958: result: yes
configure:14988: checking whether the g++ linker (/usr/bin/ld -m elf_x86_64) supports shared libraries
configure:15024: result: yes
configure:15165: checking dynamic linker characteristics
configure:15832: result: GNU/Linux ld.so
configure:15885: checking how to hardcode library paths into programs
configure:15910: result: immediate
configure:15957: checking whether the -Werror option is usable
configure:15976: gcc -c  -Werror  conftest.c >&5
configure:15976: $? = 0
configure:15985: result: yes
configure:15987: checking for simple visibility declarations
configure:16014: gcc -c  -fvisibility=hidden -Werror  conftest.c >&5
configure:16014: $? = 0
configure:16023: result: yes
configure:16056: checking whether make supports nested variables
configure:16073: result: yes
configure:16087: checking for gethostbyname
configure:16087: gcc -o conftest   -fvisibility=hidden  conftest.c  >&5
configure:16087: $? = 0
configure:16087: result: yes
configure:16098: checking for getaddrinfo
configure:16098: gcc -o conftest   -fvisibility=hidden  conftest.c  >&5
configure:16098: $? = 0
configure:16098: result: yes
configure:16109: checking for gettimeofday
configure:16109: gcc -o conftest   -fvisibility=hidden  conftest.c  >&5
configure:16109: $? = 0
configure:16109: result: yes
configure:16120: checking for inet_ntoa
configure:16120: gcc -o conftest   -fvisibility=hidden  conftest.c  >&5
configure:16120: $? = 0
configure:16120: result: yes
configure:16131: checking for memset
configure:16131: gcc -o conftest   -fvisibility=hidden  conftest.c  >&5
conftest.c:49:6: warning: conflicting types for built-in function 'memset' [enabled by default]
 char memset ();
      ^
configure:16131: $? = 0
configure:16131: result: yes
configure:16142: checking for socket
configure:16142: gcc -o conftest   -fvisibility=hidden  conftest.c  >&5
configure:16142: $? = 0
configure:16142: result: yes
configure:16153: checking arpa/inet.h usability
configure:16153: gcc -c   -fvisibility=hidden conftest.c >&5
configure:16153: $? = 0
configure:16153: result: yes
configure:16153: checking arpa/inet.h presence
configure:16153: gcc -E  -fvisibility=hidden conftest.c
configure:16153: $? = 0
configure:16153: result: yes
configure:16153: checking for arpa/inet.h
configure:16153: result: yes
configure:16165: checking fcntl.h usability
configure:16165: gcc -c   -fvisibility=hidden conftest.c >&5
configure:16165: $? = 0
configure:16165: result: yes
configure:16165: checking fcntl.h presence
configure:16165: gcc -E  -fvisibility=hidden conftest.c
configure:16165: $? = 0
configure:16165: result: yes
configure:16165: checking for fcntl.h
configure:16165: result: yes
configure:16177: checking limits.h usability
configure:16177: gcc -c   -fvisibility=hidden conftest.c >&5
configure:16177: $? = 0
configure:16177: result: yes
configure:16177: checking limits.h presence
configure:16177: gcc -E  -fvisibility=hidden conftest.c
configure:16177: $? = 0
configure:16177: result: yes
configure:16177: checking for limits.h
configure:16177: result: yes
configure:16189: checking netdb.h usability
configure:16189: gcc -c   -fvisibility=hidden conftest.c >&5
configure:16189: $? = 0
configure:16189: result: yes
configure:16189: checking netdb.h presence
configure:16189: gcc -E  -fvisibility=hidden conftest.c
configure:16189: $? = 0
configure:16189: result: yes
configure:16189: checking for netdb.h
configure:16189: result: yes
configure:16201: checking netinet/in.h usability
configure:16201: gcc -c   -fvisibility=hidden conftest.c >&5
configure:16201: $? = 0
configure:16201: result: yes
configure:16201: checking netinet/in.h presence
configure:16201: gcc -E  -fvisibility=hidden conftest.c
configure:16201: $? = 0
configure:16201: result: yes
configure:16201: checking for netinet/in.h
configure:16201: result: yes
configure:16213: checking stddef.h usability
configure:16213: gcc -c   -fvisibility=hidden conftest.c >&5
configure:16213: $? = 0
configure:16213: result: yes
configure:16213: checking stddef.h presence
configure:16213: gcc -E  -fvisibility=hidden conftest.c
configure:16213: $? = 0
configure:16213: result: yes
configure:16213: checking for stddef.h
configure:16213: result: yes
configure:16225: checking sys/ioctl.h usability
configure:16225: gcc -c   -fvisibility=hidden conftest.c >&5
configure:16225: $? = 0
configure:16225: result: yes
configure:16225: checking sys/ioctl.h presence
configure:16225: gcc -E  -fvisibility=hidden conftest.c
configure:16225: $? = 0
configure:16225: result: yes
configure:16225: checking for sys/ioctl.h
configure:16225: result: yes
configure:16237: checking sys/socket.h usability
configure:16237: gcc -c   -fvisibility=hidden conftest.c >&5
configure:16237: $? = 0
configure:16237: result: yes
configure:16237: checking sys/socket.h presence
configure:16237: gcc -E  -fvisibility=hidden conftest.c
configure:16237: $? = 0
configure:16237: result: yes
configure:16237: checking for sys/socket.h
configure:16237: result: yes
configure:16249: checking sys/time.h usability
configure:16249: gcc -c   -fvisibility=hidden conftest.c >&5
configure:16249: $? = 0
configure:16249: result: yes
configure:16249: checking sys/time.h presence
configure:16249: gcc -E  -fvisibility=hidden conftest.c
configure:16249: $? = 0
configure:16249: result: yes
configure:16249: checking for sys/time.h
configure:16249: result: yes
configure:16261: checking errno.h usability
configure:16261: gcc -c   -fvisibility=hidden conftest.c >&5
configure:16261: $? = 0
configure:16261: result: yes
configure:16261: checking errno.h presence
configure:16261: gcc -E  -fvisibility=hidden conftest.c
configure:16261: $? = 0
configure:16261: result: yes
configure:16261: checking for errno.h
configure:16261: result: yes
configure:16271: checking for socket in -lnetwork
configure:16296: gcc -o conftest   -fvisibility=hidden  conftest.c -lnetwork   >&5
/usr/bin/ld: cannot find -lnetwork
collect2: error: ld returned 1 exit status
configure:16296: $? = 1
configure: failed program was:
| /* confdefs.h */
| #define PACKAGE_NAME "wolfssl"
| #define PACKAGE_TARNAME "wolfssl"
| #define PACKAGE_VERSION "3.7.0"
| #define PACKAGE_STRING "wolfssl 3.7.0"
| #define PACKAGE_BUGREPORT "https://github.com/wolfssl/wolfssl/issues"
| #define PACKAGE_URL "http://www.wolfssl.com"
| #define STDC_HEADERS 1
| #define HAVE_SYS_TYPES_H 1
| #define HAVE_SYS_STAT_H 1
| #define HAVE_STDLIB_H 1
| #define HAVE_STRING_H 1
| #define HAVE_MEMORY_H 1
| #define HAVE_STRINGS_H 1
| #define HAVE_INTTYPES_H 1
| #define HAVE_STDINT_H 1
| #define HAVE_UNISTD_H 1
| #define HAVE_DLFCN_H 1
| #define LT_OBJDIR ".libs/"
| #define HAVE_VISIBILITY 1
| #define HAVE_GETHOSTBYNAME 1
| #define HAVE_GETADDRINFO 1
| #define HAVE_GETTIMEOFDAY 1
| #define HAVE_INET_NTOA 1
| #define HAVE_MEMSET 1
| #define HAVE_SOCKET 1
| #define HAVE_ARPA_INET_H 1
| #define HAVE_FCNTL_H 1
| #define HAVE_LIMITS_H 1
| #define HAVE_NETDB_H 1
| #define HAVE_NETINET_IN_H 1
| #define HAVE_STDDEF_H 1
| #define HAVE_SYS_IOCTL_H 1
| #define HAVE_SYS_SOCKET_H 1
| #define HAVE_SYS_TIME_H 1
| #define HAVE_ERRNO_H 1
| /* end confdefs.h.  */
| 
| /* Override any GCC internal prototype to avoid an error.
|    Use char because int might match the return type of a GCC
|    builtin and then its argument prototype would still apply.  */
| #ifdef __cplusplus
| extern "C"
| #endif
| char socket ();
| int
| main ()
| {
| return socket ();
|   ;
|   return 0;
| }
configure:16305: result: no
configure:16320: checking size of long long
configure:16325: gcc -o conftest   -fvisibility=hidden  conftest.c  >&5
configure:16325: $? = 0
configure:16325: ./conftest
configure:16325: $? = 0
configure:16339: result: 8
configure:16353: checking size of long
configure:16358: gcc -o conftest   -fvisibility=hidden  conftest.c  >&5
configure:16358: $? = 0
configure:16358: ./conftest
configure:16358: $? = 0
configure:16372: result: 8
configure:16382: checking for __uint128_t
configure:16382: gcc -c   -fvisibility=hidden conftest.c >&5
configure:16382: $? = 0
configure:16382: gcc -c   -fvisibility=hidden conftest.c >&5
conftest.c: In function 'main':
conftest.c:76:26: error: expected expression before ')' token
 if (sizeof ((__uint128_t)))
                          ^
configure:16382: $? = 1
configure: failed program was:
| /* confdefs.h */
| #define PACKAGE_NAME "wolfssl"
| #define PACKAGE_TARNAME "wolfssl"
| #define PACKAGE_VERSION "3.7.0"
| #define PACKAGE_STRING "wolfssl 3.7.0"
| #define PACKAGE_BUGREPORT "https://github.com/wolfssl/wolfssl/issues"
| #define PACKAGE_URL "http://www.wolfssl.com"
| #define STDC_HEADERS 1
| #define HAVE_SYS_TYPES_H 1
| #define HAVE_SYS_STAT_H 1
| #define HAVE_STDLIB_H 1
| #define HAVE_STRING_H 1
| #define HAVE_MEMORY_H 1
| #define HAVE_STRINGS_H 1
| #define HAVE_INTTYPES_H 1
| #define HAVE_STDINT_H 1
| #define HAVE_UNISTD_H 1
| #define HAVE_DLFCN_H 1
| #define LT_OBJDIR ".libs/"
| #define HAVE_VISIBILITY 1
| #define HAVE_GETHOSTBYNAME 1
| #define HAVE_GETADDRINFO 1
| #define HAVE_GETTIMEOFDAY 1
| #define HAVE_INET_NTOA 1
| #define HAVE_MEMSET 1
| #define HAVE_SOCKET 1
| #define HAVE_ARPA_INET_H 1
| #define HAVE_FCNTL_H 1
| #define HAVE_LIMITS_H 1
| #define HAVE_NETDB_H 1
| #define HAVE_NETINET_IN_H 1
| #define HAVE_STDDEF_H 1
| #define HAVE_SYS_IOCTL_H 1
| #define HAVE_SYS_SOCKET_H 1
| #define HAVE_SYS_TIME_H 1
| #define HAVE_ERRNO_H 1
| #define SIZEOF_LONG_LONG 8
| #define SIZEOF_LONG 8
| /* end confdefs.h.  */
| #include <stdio.h>
| #ifdef HAVE_SYS_TYPES_H
| # include <sys/types.h>
| #endif
| #ifdef HAVE_SYS_STAT_H
| # include <sys/stat.h>
| #endif
| #ifdef STDC_HEADERS
| # include <stdlib.h>
| # include <stddef.h>
| #else
| # ifdef HAVE_STDLIB_H
| #  include <stdlib.h>
| # endif
| #endif
| #ifdef HAVE_STRING_H
| # if !defined STDC_HEADERS && defined HAVE_MEMORY_H
| #  include <memory.h>
| # endif
| # include <string.h>
| #endif
| #ifdef HAVE_STRINGS_H
| # include <strings.h>
| #endif
| #ifdef HAVE_INTTYPES_H
| # include <inttypes.h>
| #endif
| #ifdef HAVE_STDINT_H
| # include <stdint.h>
| #endif
| #ifdef HAVE_UNISTD_H
| # include <unistd.h>
| #endif
| int
| main ()
| {
| if (sizeof ((__uint128_t)))
| 	    return 0;
|   ;
|   return 0;
| }
configure:16382: result: yes
configure:16392: checking whether byte ordering is bigendian
configure:16407: gcc -c   -fvisibility=hidden conftest.c >&5
conftest.c:42:9: error: unknown type name 'not'
         not a universal capable compiler
         ^
conftest.c:42:15: error: expected '=', ',', ';', 'asm' or '__attribute__' before 'universal'
         not a universal capable compiler
               ^
conftest.c:42:15: error: unknown type name 'universal'
configure:16407: $? = 1
configure: failed program was:
| /* confdefs.h */
| #define PACKAGE_NAME "wolfssl"
| #define PACKAGE_TARNAME "wolfssl"
| #define PACKAGE_VERSION "3.7.0"
| #define PACKAGE_STRING "wolfssl 3.7.0"
| #define PACKAGE_BUGREPORT "https://github.com/wolfssl/wolfssl/issues"
| #define PACKAGE_URL "http://www.wolfssl.com"
| #define STDC_HEADERS 1
| #define HAVE_SYS_TYPES_H 1
| #define HAVE_SYS_STAT_H 1
| #define HAVE_STDLIB_H 1
| #define HAVE_STRING_H 1
| #define HAVE_MEMORY_H 1
| #define HAVE_STRINGS_H 1
| #define HAVE_INTTYPES_H 1
| #define HAVE_STDINT_H 1
| #define HAVE_UNISTD_H 1
| #define HAVE_DLFCN_H 1
| #define LT_OBJDIR ".libs/"
| #define HAVE_VISIBILITY 1
| #define HAVE_GETHOSTBYNAME 1
| #define HAVE_GETADDRINFO 1
| #define HAVE_GETTIMEOFDAY 1
| #define HAVE_INET_NTOA 1
| #define HAVE_MEMSET 1
| #define HAVE_SOCKET 1
| #define HAVE_ARPA_INET_H 1
| #define HAVE_FCNTL_H 1
| #define HAVE_LIMITS_H 1
| #define HAVE_NETDB_H 1
| #define HAVE_NETINET_IN_H 1
| #define HAVE_STDDEF_H 1
| #define HAVE_SYS_IOCTL_H 1
| #define HAVE_SYS_SOCKET_H 1
| #define HAVE_SYS_TIME_H 1
| #define HAVE_ERRNO_H 1
| #define SIZEOF_LONG_LONG 8
| #define SIZEOF_LONG 8
| #define HAVE___UINT128_T 1
| /* end confdefs.h.  */
| #ifndef __APPLE_CC__
| 	       not a universal capable compiler
| 	     #endif
| 	     typedef int dummy;
| 
configure:16452: gcc -c   -fvisibility=hidden conftest.c >&5
configure:16452: $? = 0
configure:16470: gcc -c   -fvisibility=hidden conftest.c >&5
conftest.c: In function 'main':
conftest.c:48:4: error: unknown type name 'not'
    not big endian
    ^
conftest.c:48:12: error: expected '=', ',', ';', 'asm' or '__attribute__' before 'endian'
    not big endian
            ^
configure:16470: $? = 1
configure: failed program was:
| /* confdefs.h */
| #define PACKAGE_NAME "wolfssl"
| #define PACKAGE_TARNAME "wolfssl"
| #define PACKAGE_VERSION "3.7.0"
| #define PACKAGE_STRING "wolfssl 3.7.0"
| #define PACKAGE_BUGREPORT "https://github.com/wolfssl/wolfssl/issues"
| #define PACKAGE_URL "http://www.wolfssl.com"
| #define STDC_HEADERS 1
| #define HAVE_SYS_TYPES_H 1
| #define HAVE_SYS_STAT_H 1
| #define HAVE_STDLIB_H 1
| #define HAVE_STRING_H 1
| #define HAVE_MEMORY_H 1
| #define HAVE_STRINGS_H 1
| #define HAVE_INTTYPES_H 1
| #define HAVE_STDINT_H 1
| #define HAVE_UNISTD_H 1
| #define HAVE_DLFCN_H 1
| #define LT_OBJDIR ".libs/"
| #define HAVE_VISIBILITY 1
| #define HAVE_GETHOSTBYNAME 1
| #define HAVE_GETADDRINFO 1
| #define HAVE_GETTIMEOFDAY 1
| #define HAVE_INET_NTOA 1
| #define HAVE_MEMSET 1
| #define HAVE_SOCKET 1
| #define HAVE_ARPA_INET_H 1
| #define HAVE_FCNTL_H 1
| #define HAVE_LIMITS_H 1
| #define HAVE_NETDB_H 1
| #define HAVE_NETINET_IN_H 1
| #define HAVE_STDDEF_H 1
| #define HAVE_SYS_IOCTL_H 1
| #define HAVE_SYS_SOCKET_H 1
| #define HAVE_SYS_TIME_H 1
| #define HAVE_ERRNO_H 1
| #define SIZEOF_LONG_LONG 8
| #define SIZEOF_LONG 8
| #define HAVE___UINT128_T 1
| /* end confdefs.h.  */
| #include <sys/types.h>
| 		#include <sys/param.h>
| 
| int
| main ()
| {
| #if BYTE_ORDER != BIG_ENDIAN
| 		 not big endian
| 		#endif
| 
|   ;
|   return 0;
| }
configure:16598: result: no
configure:16668: checking for gcc
configure:16695: result: gcc
configure:16924: checking for C compiler version
configure:16933: gcc --version >&5
gcc (Ubuntu 4.8.4-2ubuntu1~14.04) 4.8.4
Copyright (C) 2013 Free Software Foundation, Inc.
This is free software; see the source for copying conditions.  There is NO
warranty; not even for MERCHANTABILITY or FITNESS FOR A PARTICULAR PURPOSE.

configure:16944: $? = 0
configure:16933: gcc -v >&5
Using built-in specs.
COLLECT_GCC=gcc
COLLECT_LTO_WRAPPER=/usr/lib/gcc/x86_64-linux-gnu/4.8/lto-wrapper
Target: x86_64-linux-gnu
Configured with: ../src/configure -v --with-pkgversion='Ubuntu 4.8.4-2ubuntu1~14.04' --with-bugurl=file:///usr/share/doc/gcc-4.8/README.Bugs --enable-languages=c,c++,java,go,d,fortran,objc,obj-c++ --prefix=/usr --program-suffix=-4.8 --enable-shared --enable-linker-build-id --libexecdir=/usr/lib --without-included-gettext --enable-threads=posix --with-gxx-include-dir=/usr/include/c++/4.8 --libdir=/usr/lib --enable-nls --with-sysroot=/ --enable-clocale=gnu --enable-libstdcxx-debug --enable-libstdcxx-time=yes --enable-gnu-unique-object --disable-libmudflap --enable-plugin --with-system-zlib --disable-browser-plugin --enable-java-awt=gtk --enable-gtk-cairo --with-java-home=/usr/lib/jvm/java-1.5.0-gcj-4.8-amd64/jre --enable-java-home --with-jvm-root-dir=/usr/lib/jvm/java-1.5.0-gcj-4.8-amd64 --with-jvm-jar-dir=/usr/lib/jvm-exports/java-1.5.0-gcj-4.8-amd64 --with-arch-directory=amd64 --with-ecj-jar=/usr/share/java/eclipse-ecj.jar --enable-objc-gc --enable-multiarch --disable-werror --with-arch-32=i686 --with-abi=m64 --with-multilib-list=m32,m64,mx32 --with-tune=generic --enable-checking=release --build=x86_64-linux-gnu --host=x86_64-linux-gnu --target=x86_64-linux-gnu
Thread model: posix
gcc version 4.8.4 (Ubuntu 4.8.4-2ubuntu1~14.04) 
configure:16944: $? = 0
configure:16933: gcc -V >&5
gcc: error: unrecognized command line option '-V'
gcc: fatal error: no input files
compilation terminated.
configure:16944: $? = 4
configure:16933: gcc -qversion >&5
gcc: error: unrecognized command line option '-qversion'
gcc: fatal error: no input files
compilation terminated.
configure:16944: $? = 4
configure:16948: checking whether we are using the GNU C compiler
configure:16976: result: yes
configure:16985: checking whether gcc accepts -g
configure:17046: result: yes
configure:17063: checking for gcc option to accept ISO C89
configure:17139: result: none needed
configure:17164: checking whether gcc understands -c and -o together
configure:17201: result: yes
configure:17220: checking dependency style of gcc
configure:17331: result: gcc3
configure:17347: checking whether gcc and cc understand -c and -o together
configure:17378: gcc -c conftest.c -o conftest2.o >&5
configure:17382: $? = 0
configure:17388: gcc -c conftest.c -o conftest2.o >&5
configure:17392: $? = 0
configure:17403: cc -c conftest.c >&5
configure:17407: $? = 0
configure:17415: cc -c conftest.c -o conftest2.o >&5
configure:17419: $? = 0
configure:17425: cc -c conftest.c -o conftest2.o >&5
configure:17429: $? = 0
configure:17447: result: yes
configure:17569: checking for C++ compiler version
configure:17578: g++ --version >&5
g++ (Ubuntu 4.8.4-2ubuntu1~14.04) 4.8.4
Copyright (C) 2013 Free Software Foundation, Inc.
This is free software; see the source for copying conditions.  There is NO
warranty; not even for MERCHANTABILITY or FITNESS FOR A PARTICULAR PURPOSE.

configure:17589: $? = 0
configure:17578: g++ -v >&5
Using built-in specs.
COLLECT_GCC=g++
COLLECT_LTO_WRAPPER=/usr/lib/gcc/x86_64-linux-gnu/4.8/lto-wrapper
Target: x86_64-linux-gnu
Configured with: ../src/configure -v --with-pkgversion='Ubuntu 4.8.4-2ubuntu1~14.04' --with-bugurl=file:///usr/share/doc/gcc-4.8/README.Bugs --enable-languages=c,c++,java,go,d,fortran,objc,obj-c++ --prefix=/usr --program-suffix=-4.8 --enable-shared --enable-linker-build-id --libexecdir=/usr/lib --without-included-gettext --enable-threads=posix --with-gxx-include-dir=/usr/include/c++/4.8 --libdir=/usr/lib --enable-nls --with-sysroot=/ --enable-clocale=gnu --enable-libstdcxx-debug --enable-libstdcxx-time=yes --enable-gnu-unique-object --disable-libmudflap --enable-plugin --with-system-zlib --disable-browser-plugin --enable-java-awt=gtk --enable-gtk-cairo --with-java-home=/usr/lib/jvm/java-1.5.0-gcj-4.8-amd64/jre --enable-java-home --with-jvm-root-dir=/usr/lib/jvm/java-1.5.0-gcj-4.8-amd64 --with-jvm-jar-dir=/usr/lib/jvm-exports/java-1.5.0-gcj-4.8-amd64 --with-arch-directory=amd64 --with-ecj-jar=/usr/share/java/eclipse-ecj.jar --enable-objc-gc --enable-multiarch --disable-werror --with-arch-32=i686 --with-abi=m64 --with-multilib-list=m32,m64,mx32 --with-tune=generic --enable-checking=release --build=x86_64-linux-gnu --host=x86_64-linux-gnu --target=x86_64-linux-gnu
Thread model: posix
gcc version 4.8.4 (Ubuntu 4.8.4-2ubuntu1~14.04) 
configure:17589: $? = 0
configure:17578: g++ -V >&5
g++: error: unrecognized command line option '-V'
g++: fatal error: no input files
compilation terminated.
configure:17589: $? = 4
configure:17578: g++ -qversion >&5
g++: error: unrecognized command line option '-qversion'
g++: fatal error: no input files
compilation terminated.
configure:17589: $? = 4
configure:17593: checking whether we are using the GNU C++ compiler
configure:17621: result: yes
configure:17630: checking whether g++ accepts -g
configure:17691: result: yes
configure:17716: checking dependency style of g++
configure:17827: result: gcc3
configure:17843: checking for size_t
configure:17843: gcc -c   -fvisibility=hidden conftest.c >&5
configure:17843: $? = 0
configure:17843: gcc -c   -fvisibility=hidden conftest.c >&5
conftest.c: In function 'main':
conftest.c:77:21: error: expected expression before ')' token
 if (sizeof ((size_t)))
                     ^
configure:17843: $? = 1
configure: failed program was:
| /* confdefs.h */
| #define PACKAGE_NAME "wolfssl"
| #define PACKAGE_TARNAME "wolfssl"
| #define PACKAGE_VERSION "3.7.0"
| #define PACKAGE_STRING "wolfssl 3.7.0"
| #define PACKAGE_BUGREPORT "https://github.com/wolfssl/wolfssl/issues"
| #define PACKAGE_URL "http://www.wolfssl.com"
| #define STDC_HEADERS 1
| #define HAVE_SYS_TYPES_H 1
| #define HAVE_SYS_STAT_H 1
| #define HAVE_STDLIB_H 1
| #define HAVE_STRING_H 1
| #define HAVE_MEMORY_H 1
| #define HAVE_STRINGS_H 1
| #define HAVE_INTTYPES_H 1
| #define HAVE_STDINT_H 1
| #define HAVE_UNISTD_H 1
| #define HAVE_DLFCN_H 1
| #define LT_OBJDIR ".libs/"
| #define HAVE_VISIBILITY 1
| #define HAVE_GETHOSTBYNAME 1
| #define HAVE_GETADDRINFO 1
| #define HAVE_GETTIMEOFDAY 1
| #define HAVE_INET_NTOA 1
| #define HAVE_MEMSET 1
| #define HAVE_SOCKET 1
| #define HAVE_ARPA_INET_H 1
| #define HAVE_FCNTL_H 1
| #define HAVE_LIMITS_H 1
| #define HAVE_NETDB_H 1
| #define HAVE_NETINET_IN_H 1
| #define HAVE_STDDEF_H 1
| #define HAVE_SYS_IOCTL_H 1
| #define HAVE_SYS_SOCKET_H 1
| #define HAVE_SYS_TIME_H 1
| #define HAVE_ERRNO_H 1
| #define SIZEOF_LONG_LONG 8
| #define SIZEOF_LONG 8
| #define HAVE___UINT128_T 1
| /* end confdefs.h.  */
| #include <stdio.h>
| #ifdef HAVE_SYS_TYPES_H
| # include <sys/types.h>
| #endif
| #ifdef HAVE_SYS_STAT_H
| # include <sys/stat.h>
| #endif
| #ifdef STDC_HEADERS
| # include <stdlib.h>
| # include <stddef.h>
| #else
| # ifdef HAVE_STDLIB_H
| #  include <stdlib.h>
| # endif
| #endif
| #ifdef HAVE_STRING_H
| # if !defined STDC_HEADERS && defined HAVE_MEMORY_H
| #  include <memory.h>
| # endif
| # include <string.h>
| #endif
| #ifdef HAVE_STRINGS_H
| # include <strings.h>
| #endif
| #ifdef HAVE_INTTYPES_H
| # include <inttypes.h>
| #endif
| #ifdef HAVE_STDINT_H
| # include <stdint.h>
| #endif
| #ifdef HAVE_UNISTD_H
| # include <unistd.h>
| #endif
| int
| main ()
| {
| if (sizeof ((size_t)))
| 	    return 0;
|   ;
|   return 0;
| }
configure:17843: result: yes
configure:17854: checking for uint8_t
configure:17854: gcc -c   -fvisibility=hidden conftest.c >&5
configure:17854: $? = 0
configure:17854: result: yes
configure:17877: checking dependency style of gcc
configure:17986: result: gcc3
configure:18090: checking for cos in -lm
configure:18115: gcc -o conftest   -fvisibility=hidden  conftest.c -lm   >&5
conftest.c:48:6: warning: conflicting types for built-in function 'cos' [enabled by default]
 char cos ();
      ^
configure:18115: $? = 0
configure:18124: result: yes
configure:18145: checking for thread local storage (TLS) class
configure:18173: gcc -c   -fvisibility=hidden conftest.c >&5
configure:18173: $? = 0
configure:18185: result: __thread
configure:18225: checking for debug
configure:18227: result: no
configure:18437: checking for the pthreads library -lpthreads
configure:18475: gcc -o conftest    -fvisibility=hidden  conftest.c -lpthreads  >&5
/usr/bin/ld: cannot find -lpthreads
collect2: error: ld returned 1 exit status
configure:18475: $? = 1
configure: failed program was:
| /* confdefs.h */
| #define PACKAGE_NAME "wolfssl"
| #define PACKAGE_TARNAME "wolfssl"
| #define PACKAGE_VERSION "3.7.0"
| #define PACKAGE_STRING "wolfssl 3.7.0"
| #define PACKAGE_BUGREPORT "https://github.com/wolfssl/wolfssl/issues"
| #define PACKAGE_URL "http://www.wolfssl.com"
| #define STDC_HEADERS 1
| #define HAVE_SYS_TYPES_H 1
| #define HAVE_SYS_STAT_H 1
| #define HAVE_STDLIB_H 1
| #define HAVE_STRING_H 1
| #define HAVE_MEMORY_H 1
| #define HAVE_STRINGS_H 1
| #define HAVE_INTTYPES_H 1
| #define HAVE_STDINT_H 1
| #define HAVE_UNISTD_H 1
| #define HAVE_DLFCN_H 1
| #define LT_OBJDIR ".libs/"
| #define HAVE_VISIBILITY 1
| #define HAVE_GETHOSTBYNAME 1
| #define HAVE_GETADDRINFO 1
| #define HAVE_GETTIMEOFDAY 1
| #define HAVE_INET_NTOA 1
| #define HAVE_MEMSET 1
| #define HAVE_SOCKET 1
| #define HAVE_ARPA_INET_H 1
| #define HAVE_FCNTL_H 1
| #define HAVE_LIMITS_H 1
| #define HAVE_NETDB_H 1
| #define HAVE_NETINET_IN_H 1
| #define HAVE_STDDEF_H 1
| #define HAVE_SYS_IOCTL_H 1
| #define HAVE_SYS_SOCKET_H 1
| #define HAVE_SYS_TIME_H 1
| #define HAVE_ERRNO_H 1
| #define SIZEOF_LONG_LONG 8
| #define SIZEOF_LONG 8
| #define HAVE___UINT128_T 1
| #define TLS __thread
| #define DEBUG 0
| /* end confdefs.h.  */
| #include <pthread.h>
|                         static void routine(void *a) { a = 0; }
|                         static void *start_routine(void *a) { return a; }
| int
| main ()
| {
| pthread_t th; pthread_attr_t attr;
|                         pthread_create(&th, 0, start_routine, 0);
|                         pthread_join(th, 0);
|                         pthread_attr_init(&attr);
|                         pthread_cleanup_push(routine, 0);
|                         pthread_cleanup_pop(0) /* ; */
|   ;
|   return 0;
| }
configure:18484: result: no
configure:18382: checking whether pthreads work without any flags
configure:18475: gcc -o conftest    -fvisibility=hidden  conftest.c   >&5
/tmp/ccGjIcBb.o: In function `main':
conftest.c:(.text+0x55): undefined reference to `pthread_create'
conftest.c:(.text+0x69): undefined reference to `pthread_join'
conftest.c:(.text+0xe3): undefined reference to `__pthread_register_cancel'
conftest.c:(.text+0xf2): undefined reference to `__pthread_unregister_cancel'
collect2: error: ld returned 1 exit status
configure:18475: $? = 1
configure: failed program was:
| /* confdefs.h */
| #define PACKAGE_NAME "wolfssl"
| #define PACKAGE_TARNAME "wolfssl"
| #define PACKAGE_VERSION "3.7.0"
| #define PACKAGE_STRING "wolfssl 3.7.0"
| #define PACKAGE_BUGREPORT "https://github.com/wolfssl/wolfssl/issues"
| #define PACKAGE_URL "http://www.wolfssl.com"
| #define STDC_HEADERS 1
| #define HAVE_SYS_TYPES_H 1
| #define HAVE_SYS_STAT_H 1
| #define HAVE_STDLIB_H 1
| #define HAVE_STRING_H 1
| #define HAVE_MEMORY_H 1
| #define HAVE_STRINGS_H 1
| #define HAVE_INTTYPES_H 1
| #define HAVE_STDINT_H 1
| #define HAVE_UNISTD_H 1
| #define HAVE_DLFCN_H 1
| #define LT_OBJDIR ".libs/"
| #define HAVE_VISIBILITY 1
| #define HAVE_GETHOSTBYNAME 1
| #define HAVE_GETADDRINFO 1
| #define HAVE_GETTIMEOFDAY 1
| #define HAVE_INET_NTOA 1
| #define HAVE_MEMSET 1
| #define HAVE_SOCKET 1
| #define HAVE_ARPA_INET_H 1
| #define HAVE_FCNTL_H 1
| #define HAVE_LIMITS_H 1
| #define HAVE_NETDB_H 1
| #define HAVE_NETINET_IN_H 1
| #define HAVE_STDDEF_H 1
| #define HAVE_SYS_IOCTL_H 1
| #define HAVE_SYS_SOCKET_H 1
| #define HAVE_SYS_TIME_H 1
| #define HAVE_ERRNO_H 1
| #define SIZEOF_LONG_LONG 8
| #define SIZEOF_LONG 8
| #define HAVE___UINT128_T 1
| #define TLS __thread
| #define DEBUG 0
| /* end confdefs.h.  */
| #include <pthread.h>
|                         static void routine(void *a) { a = 0; }
|                         static void *start_routine(void *a) { return a; }
| int
| main ()
| {
| pthread_t th; pthread_attr_t attr;
|                         pthread_create(&th, 0, start_routine, 0);
|                         pthread_join(th, 0);
|                         pthread_attr_init(&attr);
|                         pthread_cleanup_push(routine, 0);
|                         pthread_cleanup_pop(0) /* ; */
|   ;
|   return 0;
| }
configure:18484: result: no
configure:18387: checking whether pthreads work with -Kthread
configure:18475: gcc -o conftest  -Kthread  -fvisibility=hidden  conftest.c   >&5
gcc: error: unrecognized command line option '-Kthread'
configure:18475: $? = 1
configure: failed program was:
| /* confdefs.h */
| #define PACKAGE_NAME "wolfssl"
| #define PACKAGE_TARNAME "wolfssl"
| #define PACKAGE_VERSION "3.7.0"
| #define PACKAGE_STRING "wolfssl 3.7.0"
| #define PACKAGE_BUGREPORT "https://github.com/wolfssl/wolfssl/issues"
| #define PACKAGE_URL "http://www.wolfssl.com"
| #define STDC_HEADERS 1
| #define HAVE_SYS_TYPES_H 1
| #define HAVE_SYS_STAT_H 1
| #define HAVE_STDLIB_H 1
| #define HAVE_STRING_H 1
| #define HAVE_MEMORY_H 1
| #define HAVE_STRINGS_H 1
| #define HAVE_INTTYPES_H 1
| #define HAVE_STDINT_H 1
| #define HAVE_UNISTD_H 1
| #define HAVE_DLFCN_H 1
| #define LT_OBJDIR ".libs/"
| #define HAVE_VISIBILITY 1
| #define HAVE_GETHOSTBYNAME 1
| #define HAVE_GETADDRINFO 1
| #define HAVE_GETTIMEOFDAY 1
| #define HAVE_INET_NTOA 1
| #define HAVE_MEMSET 1
| #define HAVE_SOCKET 1
| #define HAVE_ARPA_INET_H 1
| #define HAVE_FCNTL_H 1
| #define HAVE_LIMITS_H 1
| #define HAVE_NETDB_H 1
| #define HAVE_NETINET_IN_H 1
| #define HAVE_STDDEF_H 1
| #define HAVE_SYS_IOCTL_H 1
| #define HAVE_SYS_SOCKET_H 1
| #define HAVE_SYS_TIME_H 1
| #define HAVE_ERRNO_H 1
| #define SIZEOF_LONG_LONG 8
| #define SIZEOF_LONG 8
| #define HAVE___UINT128_T 1
| #define TLS __thread
| #define DEBUG 0
| /* end confdefs.h.  */
| #include <pthread.h>
|                         static void routine(void *a) { a = 0; }
|                         static void *start_routine(void *a) { return a; }
| int
| main ()
| {
| pthread_t th; pthread_attr_t attr;
|                         pthread_create(&th, 0, start_routine, 0);
|                         pthread_join(th, 0);
|                         pthread_attr_init(&attr);
|                         pthread_cleanup_push(routine, 0);
|                         pthread_cleanup_pop(0) /* ; */
|   ;
|   return 0;
| }
configure:18484: result: no
configure:18387: checking whether pthreads work with -kthread
configure:18475: gcc -o conftest  -kthread  -fvisibility=hidden  conftest.c   >&5
gcc: error: unrecognized command line option '-kthread'
configure:18475: $? = 1
configure: failed program was:
| /* confdefs.h */
| #define PACKAGE_NAME "wolfssl"
| #define PACKAGE_TARNAME "wolfssl"
| #define PACKAGE_VERSION "3.7.0"
| #define PACKAGE_STRING "wolfssl 3.7.0"
| #define PACKAGE_BUGREPORT "https://github.com/wolfssl/wolfssl/issues"
| #define PACKAGE_URL "http://www.wolfssl.com"
| #define STDC_HEADERS 1
| #define HAVE_SYS_TYPES_H 1
| #define HAVE_SYS_STAT_H 1
| #define HAVE_STDLIB_H 1
| #define HAVE_STRING_H 1
| #define HAVE_MEMORY_H 1
| #define HAVE_STRINGS_H 1
| #define HAVE_INTTYPES_H 1
| #define HAVE_STDINT_H 1
| #define HAVE_UNISTD_H 1
| #define HAVE_DLFCN_H 1
| #define LT_OBJDIR ".libs/"
| #define HAVE_VISIBILITY 1
| #define HAVE_GETHOSTBYNAME 1
| #define HAVE_GETADDRINFO 1
| #define HAVE_GETTIMEOFDAY 1
| #define HAVE_INET_NTOA 1
| #define HAVE_MEMSET 1
| #define HAVE_SOCKET 1
| #define HAVE_ARPA_INET_H 1
| #define HAVE_FCNTL_H 1
| #define HAVE_LIMITS_H 1
| #define HAVE_NETDB_H 1
| #define HAVE_NETINET_IN_H 1
| #define HAVE_STDDEF_H 1
| #define HAVE_SYS_IOCTL_H 1
| #define HAVE_SYS_SOCKET_H 1
| #define HAVE_SYS_TIME_H 1
| #define HAVE_ERRNO_H 1
| #define SIZEOF_LONG_LONG 8
| #define SIZEOF_LONG 8
| #define HAVE___UINT128_T 1
| #define TLS __thread
| #define DEBUG 0
| /* end confdefs.h.  */
| #include <pthread.h>
|                         static void routine(void *a) { a = 0; }
|                         static void *start_routine(void *a) { return a; }
| int
| main ()
| {
| pthread_t th; pthread_attr_t attr;
|                         pthread_create(&th, 0, start_routine, 0);
|                         pthread_join(th, 0);
|                         pthread_attr_init(&attr);
|                         pthread_cleanup_push(routine, 0);
|                         pthread_cleanup_pop(0) /* ; */
|   ;
|   return 0;
| }
configure:18484: result: no
configure:18437: checking for the pthreads library -llthread
configure:18475: gcc -o conftest    -fvisibility=hidden  conftest.c -llthread  >&5
/usr/bin/ld: cannot find -llthread
collect2: error: ld returned 1 exit status
configure:18475: $? = 1
configure: failed program was:
| /* confdefs.h */
| #define PACKAGE_NAME "wolfssl"
| #define PACKAGE_TARNAME "wolfssl"
| #define PACKAGE_VERSION "3.7.0"
| #define PACKAGE_STRING "wolfssl 3.7.0"
| #define PACKAGE_BUGREPORT "https://github.com/wolfssl/wolfssl/issues"
| #define PACKAGE_URL "http://www.wolfssl.com"
| #define STDC_HEADERS 1
| #define HAVE_SYS_TYPES_H 1
| #define HAVE_SYS_STAT_H 1
| #define HAVE_STDLIB_H 1
| #define HAVE_STRING_H 1
| #define HAVE_MEMORY_H 1
| #define HAVE_STRINGS_H 1
| #define HAVE_INTTYPES_H 1
| #define HAVE_STDINT_H 1
| #define HAVE_UNISTD_H 1
| #define HAVE_DLFCN_H 1
| #define LT_OBJDIR ".libs/"
| #define HAVE_VISIBILITY 1
| #define HAVE_GETHOSTBYNAME 1
| #define HAVE_GETADDRINFO 1
| #define HAVE_GETTIMEOFDAY 1
| #define HAVE_INET_NTOA 1
| #define HAVE_MEMSET 1
| #define HAVE_SOCKET 1
| #define HAVE_ARPA_INET_H 1
| #define HAVE_FCNTL_H 1
| #define HAVE_LIMITS_H 1
| #define HAVE_NETDB_H 1
| #define HAVE_NETINET_IN_H 1
| #define HAVE_STDDEF_H 1
| #define HAVE_SYS_IOCTL_H 1
| #define HAVE_SYS_SOCKET_H 1
| #define HAVE_SYS_TIME_H 1
| #define HAVE_ERRNO_H 1
| #define SIZEOF_LONG_LONG 8
| #define SIZEOF_LONG 8
| #define HAVE___UINT128_T 1
| #define TLS __thread
| #define DEBUG 0
| /* end confdefs.h.  */
| #include <pthread.h>
|                         static void routine(void *a) { a = 0; }
|                         static void *start_routine(void *a) { return a; }
| int
| main ()
| {
| pthread_t th; pthread_attr_t attr;
|                         pthread_create(&th, 0, start_routine, 0);
|                         pthread_join(th, 0);
|                         pthread_attr_init(&attr);
|                         pthread_cleanup_push(routine, 0);
|                         pthread_cleanup_pop(0) /* ; */
|   ;
|   return 0;
| }
configure:18484: result: no
configure:18387: checking whether pthreads work with -pthread
configure:18475: gcc -o conftest  -pthread  -fvisibility=hidden  conftest.c   >&5
configure:18475: $? = 0
configure:18484: result: yes
configure:18503: checking for joinable pthread attribute
configure:18518: gcc -o conftest  -pthread  -fvisibility=hidden  conftest.c   >&5
configure:18518: $? = 0
configure:18524: result: PTHREAD_CREATE_JOINABLE
configure:18534: checking if more special flags are required for pthreads
configure:18548: result: no
configure:18554: checking for PTHREAD_PRIO_INHERIT
configure:18572: gcc -o conftest  -pthread  -fvisibility=hidden  conftest.c   >&5
configure:18572: $? = 0
configure:18581: result: yes
configure:18978: checking pcap/pcap.h usability
configure:18978: gcc -c   -fvisibility=hidden conftest.c >&5
configure:18978: $? = 0
configure:18978: result: yes
configure:18978: checking pcap/pcap.h presence
configure:18978: gcc -E  -fvisibility=hidden conftest.c
configure:18978: $? = 0
configure:18978: result: yes
configure:18978: checking for pcap/pcap.h
configure:18978: result: yes
configure:22172: checking for fast RSA
configure:22187: result: no
configure:22302: checking for library containing gethostbyname
configure:22333: gcc -o conftest   -fvisibility=hidden  conftest.c   >&5
configure:22333: $? = 0
configure:22350: result: none required
configure:22358: checking for library containing socket
configure:22389: gcc -o conftest   -fvisibility=hidden  conftest.c   >&5
configure:22389: $? = 0
configure:22406: result: none required
configure:22457: checking for vcs system
configure:22477: result: none
configure:22486: checking for vcs checkout
configure:22498: result: no
configure:22568: checking whether the linker accepts -Werror
configure:22587: gcc -o conftest   -fvisibility=hidden   -Werror conftest.c   >&5
configure:22587: $? = 0
configure:22596: result: yes
configure:22610: checking whether the linker accepts -z relro -z now
configure:22629: gcc -o conftest   -fvisibility=hidden  -Werror -z relro -z now conftest.c   >&5
configure:22629: $? = 0
configure:22639: result: yes
configure:22651: checking whether the linker accepts -pie
configure:22670: gcc -o conftest   -fvisibility=hidden  -Werror -pie conftest.c   >&5
configure:22670: $? = 0
configure:22680: result: yes
configure:22693: checking whether C compiler accepts 
configure:22712: gcc -c     -fvisibility=hidden conftest.c >&5
configure:22712: $? = 0
configure:22720: result: yes
configure:22731: : CFLAGS already contains 
configure:22734: $? = 0
configure:22835: checking whether C compiler accepts -Werror
configure:22854: gcc -c   -Werror  -fvisibility=hidden conftest.c >&5
configure:22854: $? = 0
configure:22863: result: yes
configure:22876: : ax_append_compile_cflags_extra="$ax_append_compile_cflags_extra $flag"
configure:22879: $? = 0
configure:23095: checking whether C compiler accepts -Wno-pragmas
configure:23114: gcc -c   -Werror -Wno-pragmas  -fvisibility=hidden conftest.c >&5
configure:23114: $? = 0
configure:23123: result: yes
configure:23136: : CFLAGS="$CFLAGS $flag"
configure:23139: $? = 0
configure:23159: checking whether C compiler accepts -Wall
configure:23178: gcc -c  -Wno-pragmas  -Werror -Wall  -fvisibility=hidden conftest.c >&5
configure:23178: $? = 0
configure:23187: result: yes
configure:23200: : CFLAGS="$CFLAGS $flag"
configure:23203: $? = 0
configure:23222: checking whether C compiler accepts -Wno-strict-aliasing
configure:23241: gcc -c  -Wno-pragmas -Wall  -Werror -Wno-strict-aliasing  -fvisibility=hidden conftest.c >&5
configure:23241: $? = 0
configure:23250: result: yes
configure:23263: : CFLAGS="$CFLAGS $flag"
configure:23266: $? = 0
configure:23285: checking whether C compiler accepts -Wextra
configure:23304: gcc -c  -Wno-pragmas -Wall -Wno-strict-aliasing  -Werror -Wextra  -fvisibility=hidden conftest.c >&5
configure:23304: $? = 0
configure:23313: result: yes
configure:23326: : CFLAGS="$CFLAGS $flag"
configure:23329: $? = 0
configure:23348: checking whether C compiler accepts -Wunknown-pragmas
configure:23367: gcc -c  -Wno-pragmas -Wall -Wno-strict-aliasing -Wextra  -Werror -Wunknown-pragmas  -fvisibility=hidden conftest.c >&5
configure:23367: $? = 0
configure:23376: result: yes
configure:23389: : CFLAGS="$CFLAGS $flag"
configure:23392: $? = 0
configure:23411: checking whether C compiler accepts -Wthis-test-should-fail
configure:23430: gcc -c  -Wno-pragmas -Wall -Wno-strict-aliasing -Wextra -Wunknown-pragmas  -Werror -Wthis-test-should-fail  -fvisibility=hidden conftest.c >&5
gcc: error: unrecognized command line option '-Wthis-test-should-fail'
configure:23430: $? = 1
configure: failed program was:
| /* confdefs.h */
| #define PACKAGE_NAME "wolfssl"
| #define PACKAGE_TARNAME "wolfssl"
| #define PACKAGE_VERSION "3.7.0"
| #define PACKAGE_STRING "wolfssl 3.7.0"
| #define PACKAGE_BUGREPORT "https://github.com/wolfssl/wolfssl/issues"
| #define PACKAGE_URL "http://www.wolfssl.com"
| #define STDC_HEADERS 1
| #define HAVE_SYS_TYPES_H 1
| #define HAVE_SYS_STAT_H 1
| #define HAVE_STDLIB_H 1
| #define HAVE_STRING_H 1
| #define HAVE_MEMORY_H 1
| #define HAVE_STRINGS_H 1
| #define HAVE_INTTYPES_H 1
| #define HAVE_STDINT_H 1
| #define HAVE_UNISTD_H 1
| #define HAVE_DLFCN_H 1
| #define LT_OBJDIR ".libs/"
| #define HAVE_VISIBILITY 1
| #define HAVE_GETHOSTBYNAME 1
| #define HAVE_GETADDRINFO 1
| #define HAVE_GETTIMEOFDAY 1
| #define HAVE_INET_NTOA 1
| #define HAVE_MEMSET 1
| #define HAVE_SOCKET 1
| #define HAVE_ARPA_INET_H 1
| #define HAVE_FCNTL_H 1
| #define HAVE_LIMITS_H 1
| #define HAVE_NETDB_H 1
| #define HAVE_NETINET_IN_H 1
| #define HAVE_STDDEF_H 1
| #define HAVE_SYS_IOCTL_H 1
| #define HAVE_SYS_SOCKET_H 1
| #define HAVE_SYS_TIME_H 1
| #define HAVE_ERRNO_H 1
| #define SIZEOF_LONG_LONG 8
| #define SIZEOF_LONG 8
| #define HAVE___UINT128_T 1
| #define TLS __thread
| #define DEBUG 0
| #define HAVE_PTHREAD_PRIO_INHERIT 1
| #define HAVE_PTHREAD 1
| #define HAVE_PCAP_PCAP_H 1
| #define BUILD_USER_RSA /**/
| #define VCS_SYSTEM "none"
| #define VCS_CHECKOUT 0
| /* end confdefs.h.  */
| 
| int
| main ()
| {
| 
|   ;
|   return 0;
| }
configure:23439: result: no
configure:23478: checking whether C compiler accepts --param=ssp-buffer-size=1
configure:23497: gcc -c  -Wno-pragmas -Wall -Wno-strict-aliasing -Wextra -Wunknown-pragmas  -Werror --param=ssp-buffer-size=1  -fvisibility=hidden conftest.c >&5
configure:23497: $? = 0
configure:23506: result: yes
configure:23519: : CFLAGS="$CFLAGS $flag"
configure:23522: $? = 0
configure:23543: checking whether C compiler accepts -Waddress
configure:23562: gcc -c  -Wno-pragmas -Wall -Wno-strict-aliasing -Wextra -Wunknown-pragmas --param=ssp-buffer-size=1  -Werror -Waddress  -fvisibility=hidden conftest.c >&5
configure:23562: $? = 0
configure:23571: result: yes
configure:23584: : CFLAGS="$CFLAGS $flag"
configure:23587: $? = 0
configure:23606: checking whether C compiler accepts -Warray-bounds
configure:23625: gcc -c  -Wno-pragmas -Wall -Wno-strict-aliasing -Wextra -Wunknown-pragmas --param=ssp-buffer-size=1 -Waddress  -Werror -Warray-bounds  -fvisibility=hidden conftest.c >&5
configure:23625: $? = 0
configure:23634: result: yes
configure:23647: : CFLAGS="$CFLAGS $flag"
configure:23650: $? = 0
configure:23669: checking whether C compiler accepts -Wbad-function-cast
configure:23688: gcc -c  -Wno-pragmas -Wall -Wno-strict-aliasing -Wextra -Wunknown-pragmas --param=ssp-buffer-size=1 -Waddress -Warray-bounds  -Werror -Wbad-function-cast  -fvisibility=hidden conftest.c >&5
configure:23688: $? = 0
configure:23697: result: yes
configure:23710: : CFLAGS="$CFLAGS $flag"
configure:23713: $? = 0
configure:23732: checking whether C compiler accepts -Wchar-subscripts
configure:23751: gcc -c  -Wno-pragmas -Wall -Wno-strict-aliasing -Wextra -Wunknown-pragmas --param=ssp-buffer-size=1 -Waddress -Warray-bounds -Wbad-function-cast  -Werror -Wchar-subscripts  -fvisibility=hidden conftest.c >&5
configure:23751: $? = 0
configure:23760: result: yes
configure:23773: : CFLAGS="$CFLAGS $flag"
configure:23776: $? = 0
configure:23795: checking whether C compiler accepts -Wcomment
configure:23814: gcc -c  -Wno-pragmas -Wall -Wno-strict-aliasing -Wextra -Wunknown-pragmas --param=ssp-buffer-size=1 -Waddress -Warray-bounds -Wbad-function-cast -Wchar-subscripts  -Werror -Wcomment  -fvisibility=hidden conftest.c >&5
configure:23814: $? = 0
configure:23823: result: yes
configure:23836: : CFLAGS="$CFLAGS $flag"
configure:23839: $? = 0
configure:23858: checking whether C compiler accepts -Wfloat-equal
configure:23877: gcc -c  -Wno-pragmas -Wall -Wno-strict-aliasing -Wextra -Wunknown-pragmas --param=ssp-buffer-size=1 -Waddress -Warray-bounds -Wbad-function-cast -Wchar-subscripts -Wcomment  -Werror -Wfloat-equal  -fvisibility=hidden conftest.c >&5
configure:23877: $? = 0
configure:23886: result: yes
configure:23899: : CFLAGS="$CFLAGS $flag"
configure:23902: $? = 0
configure:23921: checking whether C compiler accepts -Wformat-security
configure:23940: gcc -c  -Wno-pragmas -Wall -Wno-strict-aliasing -Wextra -Wunknown-pragmas --param=ssp-buffer-size=1 -Waddress -Warray-bounds -Wbad-function-cast -Wchar-subscripts -Wcomment -Wfloat-equal  -Werror -Wformat-security  -fvisibility=hidden conftest.c >&5
configure:23940: $? = 0
configure:23949: result: yes
configure:23962: : CFLAGS="$CFLAGS $flag"
configure:23965: $? = 0
configure:23984: checking whether C compiler accepts -Wformat=2
configure:24003: gcc -c  -Wno-pragmas -Wall -Wno-strict-aliasing -Wextra -Wunknown-pragmas --param=ssp-buffer-size=1 -Waddress -Warray-bounds -Wbad-function-cast -Wchar-subscripts -Wcomment -Wfloat-equal -Wformat-security  -Werror -Wformat=2  -fvisibility=hidden conftest.c >&5
configure:24003: $? = 0
configure:24012: result: yes
configure:24025: : CFLAGS="$CFLAGS $flag"
configure:24028: $? = 0
configure:24047: checking whether C compiler accepts -Wmaybe-uninitialized
configure:24066: gcc -c  -Wno-pragmas -Wall -Wno-strict-aliasing -Wextra -Wunknown-pragmas --param=ssp-buffer-size=1 -Waddress -Warray-bounds -Wbad-function-cast -Wchar-subscripts -Wcomment -Wfloat-equal -Wformat-security -Wformat=2  -Werror -Wmaybe-uninitialized  -fvisibility=hidden conftest.c >&5
configure:24066: $? = 0
configure:24075: result: yes
configure:24088: : CFLAGS="$CFLAGS $flag"
configure:24091: $? = 0
configure:24110: checking whether C compiler accepts -Wmissing-field-initializers
configure:24129: gcc -c  -Wno-pragmas -Wall -Wno-strict-aliasing -Wextra -Wunknown-pragmas --param=ssp-buffer-size=1 -Waddress -Warray-bounds -Wbad-function-cast -Wchar-subscripts -Wcomment -Wfloat-equal -Wformat-security -Wformat=2 -Wmaybe-uninitialized  -Werror -Wmissing-field-initializers  -fvisibility=hidden conftest.c >&5
configure:24129: $? = 0
configure:24138: result: yes
configure:24151: : CFLAGS="$CFLAGS $flag"
configure:24154: $? = 0
configure:24173: checking whether C compiler accepts -Wmissing-noreturn
configure:24192: gcc -c  -Wno-pragmas -Wall -Wno-strict-aliasing -Wextra -Wunknown-pragmas --param=ssp-buffer-size=1 -Waddress -Warray-bounds -Wbad-function-cast -Wchar-subscripts -Wcomment -Wfloat-equal -Wformat-security -Wformat=2 -Wmaybe-uninitialized -Wmissing-field-initializers  -Werror -Wmissing-noreturn  -fvisibility=hidden conftest.c >&5
configure:24192: $? = 0
configure:24201: result: yes
configure:24214: : CFLAGS="$CFLAGS $flag"
configure:24217: $? = 0
configure:24236: checking whether C compiler accepts -Wmissing-prototypes
configure:24255: gcc -c  -Wno-pragmas -Wall -Wno-strict-aliasing -Wextra -Wunknown-pragmas --param=ssp-buffer-size=1 -Waddress -Warray-bounds -Wbad-function-cast -Wchar-subscripts -Wcomment -Wfloat-equal -Wformat-security -Wformat=2 -Wmaybe-uninitialized -Wmissing-field-initializers -Wmissing-noreturn  -Werror -Wmissing-prototypes  -fvisibility=hidden conftest.c >&5
configure:24255: $? = 0
configure:24264: result: yes
configure:24277: : CFLAGS="$CFLAGS $flag"
configure:24280: $? = 0
configure:24299: checking whether C compiler accepts -Wnested-externs
configure:24318: gcc -c  -Wno-pragmas -Wall -Wno-strict-aliasing -Wextra -Wunknown-pragmas --param=ssp-buffer-size=1 -Waddress -Warray-bounds -Wbad-function-cast -Wchar-subscripts -Wcomment -Wfloat-equal -Wformat-security -Wformat=2 -Wmaybe-uninitialized -Wmissing-field-initializers -Wmissing-noreturn -Wmissing-prototypes  -Werror -Wnested-externs  -fvisibility=hidden conftest.c >&5
configure:24318: $? = 0
configure:24327: result: yes
configure:24340: : CFLAGS="$CFLAGS $flag"
configure:24343: $? = 0
configure:24362: checking whether C compiler accepts -Wnormalized=id
configure:24381: gcc -c  -Wno-pragmas -Wall -Wno-strict-aliasing -Wextra -Wunknown-pragmas --param=ssp-buffer-size=1 -Waddress -Warray-bounds -Wbad-function-cast -Wchar-subscripts -Wcomment -Wfloat-equal -Wformat-security -Wformat=2 -Wmaybe-uninitialized -Wmissing-field-initializers -Wmissing-noreturn -Wmissing-prototypes -Wnested-externs  -Werror -Wnormalized=id  -fvisibility=hidden conftest.c >&5
configure:24381: $? = 0
configure:24390: result: yes
configure:24403: : CFLAGS="$CFLAGS $flag"
configure:24406: $? = 0
configure:24425: checking whether C compiler accepts -Woverride-init
configure:24444: gcc -c  -Wno-pragmas -Wall -Wno-strict-aliasing -Wextra -Wunknown-pragmas --param=ssp-buffer-size=1 -Waddress -Warray-bounds -Wbad-function-cast -Wchar-subscripts -Wcomment -Wfloat-equal -Wformat-security -Wformat=2 -Wmaybe-uninitialized -Wmissing-field-initializers -Wmissing-noreturn -Wmissing-prototypes -Wnested-externs -Wnormalized=id  -Werror -Woverride-init  -fvisibility=hidden conftest.c >&5
configure:24444: $? = 0
configure:24453: result: yes
configure:24466: : CFLAGS="$CFLAGS $flag"
configure:24469: $? = 0
configure:24488: checking whether C compiler accepts -Wpointer-arith
configure:24507: gcc -c  -Wno-pragmas -Wall -Wno-strict-aliasing -Wextra -Wunknown-pragmas --param=ssp-buffer-size=1 -Waddress -Warray-bounds -Wbad-function-cast -Wchar-subscripts -Wcomment -Wfloat-equal -Wformat-security -Wformat=2 -Wmaybe-uninitialized -Wmissing-field-initializers -Wmissing-noreturn -Wmissing-prototypes -Wnested-externs -Wnormalized=id -Woverride-init  -Werror -Wpointer-arith  -fvisibility=hidden conftest.c >&5
configure:24507: $? = 0
configure:24516: result: yes
configure:24529: : CFLAGS="$CFLAGS $flag"
configure:24532: $? = 0
configure:24551: checking whether C compiler accepts -Wpointer-sign
configure:24570: gcc -c  -Wno-pragmas -Wall -Wno-strict-aliasing -Wextra -Wunknown-pragmas --param=ssp-buffer-size=1 -Waddress -Warray-bounds -Wbad-function-cast -Wchar-subscripts -Wcomment -Wfloat-equal -Wformat-security -Wformat=2 -Wmaybe-uninitialized -Wmissing-field-initializers -Wmissing-noreturn -Wmissing-prototypes -Wnested-externs -Wnormalized=id -Woverride-init -Wpointer-arith  -Werror -Wpointer-sign  -fvisibility=hidden conftest.c >&5
configure:24570: $? = 0
configure:24579: result: yes
configure:24592: : CFLAGS="$CFLAGS $flag"
configure:24595: $? = 0
configure:24614: checking whether C compiler accepts -Wredundant-decls
configure:24633: gcc -c  -Wno-pragmas -Wall -Wno-strict-aliasing -Wextra -Wunknown-pragmas --param=ssp-buffer-size=1 -Waddress -Warray-bounds -Wbad-function-cast -Wchar-subscripts -Wcomment -Wfloat-equal -Wformat-security -Wformat=2 -Wmaybe-uninitialized -Wmissing-field-initializers -Wmissing-noreturn -Wmissing-prototypes -Wnested-externs -Wnormalized=id -Woverride-init -Wpointer-arith -Wpointer-sign  -Werror -Wredundant-decls  -fvisibility=hidden conftest.c >&5
configure:24633: $? = 0
configure:24642: result: yes
configure:24655: : CFLAGS="$CFLAGS $flag"
configure:24658: $? = 0
configure:24677: checking whether C compiler accepts -Wshadow
configure:24696: gcc -c  -Wno-pragmas -Wall -Wno-strict-aliasing -Wextra -Wunknown-pragmas --param=ssp-buffer-size=1 -Waddress -Warray-bounds -Wbad-function-cast -Wchar-subscripts -Wcomment -Wfloat-equal -Wformat-security -Wformat=2 -Wmaybe-uninitialized -Wmissing-field-initializers -Wmissing-noreturn -Wmissing-prototypes -Wnested-externs -Wnormalized=id -Woverride-init -Wpointer-arith -Wpointer-sign -Wredundant-decls  -Werror -Wshadow  -fvisibility=hidden conftest.c >&5
configure:24696: $? = 0
configure:24705: result: yes
configure:24718: : CFLAGS="$CFLAGS $flag"
configure:24721: $? = 0
configure:24740: checking whether C compiler accepts -Wshorten-64-to-32
configure:24759: gcc -c  -Wno-pragmas -Wall -Wno-strict-aliasing -Wextra -Wunknown-pragmas --param=ssp-buffer-size=1 -Waddress -Warray-bounds -Wbad-function-cast -Wchar-subscripts -Wcomment -Wfloat-equal -Wformat-security -Wformat=2 -Wmaybe-uninitialized -Wmissing-field-initializers -Wmissing-noreturn -Wmissing-prototypes -Wnested-externs -Wnormalized=id -Woverride-init -Wpointer-arith -Wpointer-sign -Wredundant-decls -Wshadow  -Werror -Wshorten-64-to-32  -fvisibility=hidden conftest.c >&5
gcc: error: unrecognized command line option '-Wshorten-64-to-32'
configure:24759: $? = 1
configure: failed program was:
| /* confdefs.h */
| #define PACKAGE_NAME "wolfssl"
| #define PACKAGE_TARNAME "wolfssl"
| #define PACKAGE_VERSION "3.7.0"
| #define PACKAGE_STRING "wolfssl 3.7.0"
| #define PACKAGE_BUGREPORT "https://github.com/wolfssl/wolfssl/issues"
| #define PACKAGE_URL "http://www.wolfssl.com"
| #define STDC_HEADERS 1
| #define HAVE_SYS_TYPES_H 1
| #define HAVE_SYS_STAT_H 1
| #define HAVE_STDLIB_H 1
| #define HAVE_STRING_H 1
| #define HAVE_MEMORY_H 1
| #define HAVE_STRINGS_H 1
| #define HAVE_INTTYPES_H 1
| #define HAVE_STDINT_H 1
| #define HAVE_UNISTD_H 1
| #define HAVE_DLFCN_H 1
| #define LT_OBJDIR ".libs/"
| #define HAVE_VISIBILITY 1
| #define HAVE_GETHOSTBYNAME 1
| #define HAVE_GETADDRINFO 1
| #define HAVE_GETTIMEOFDAY 1
| #define HAVE_INET_NTOA 1
| #define HAVE_MEMSET 1
| #define HAVE_SOCKET 1
| #define HAVE_ARPA_INET_H 1
| #define HAVE_FCNTL_H 1
| #define HAVE_LIMITS_H 1
| #define HAVE_NETDB_H 1
| #define HAVE_NETINET_IN_H 1
| #define HAVE_STDDEF_H 1
| #define HAVE_SYS_IOCTL_H 1
| #define HAVE_SYS_SOCKET_H 1
| #define HAVE_SYS_TIME_H 1
| #define HAVE_ERRNO_H 1
| #define SIZEOF_LONG_LONG 8
| #define SIZEOF_LONG 8
| #define HAVE___UINT128_T 1
| #define TLS __thread
| #define DEBUG 0
| #define HAVE_PTHREAD_PRIO_INHERIT 1
| #define HAVE_PTHREAD 1
| #define HAVE_PCAP_PCAP_H 1
| #define BUILD_USER_RSA /**/
| #define VCS_SYSTEM "none"
| #define VCS_CHECKOUT 0
| /* end confdefs.h.  */
| 
| int
| main ()
| {
| 
|   ;
|   return 0;
| }
configure:24768: result: no
configure:24803: checking whether C compiler accepts -Wsign-compare
configure:24822: gcc -c  -Wno-pragmas -Wall -Wno-strict-aliasing -Wextra -Wunknown-pragmas --param=ssp-buffer-size=1 -Waddress -Warray-bounds -Wbad-function-cast -Wchar-subscripts -Wcomment -Wfloat-equal -Wformat-security -Wformat=2 -Wmaybe-uninitialized -Wmissing-field-initializers -Wmissing-noreturn -Wmissing-prototypes -Wnested-externs -Wnormalized=id -Woverride-init -Wpointer-arith -Wpointer-sign -Wredundant-decls -Wshadow  -Werror -Wsign-compare  -fvisibility=hidden conftest.c >&5
configure:24822: $? = 0
configure:24831: result: yes
configure:24844: : CFLAGS="$CFLAGS $flag"
configure:24847: $? = 0
configure:24866: checking whether C compiler accepts -Wstrict-overflow=1
configure:24885: gcc -c  -Wno-pragmas -Wall -Wno-strict-aliasing -Wextra -Wunknown-pragmas --param=ssp-buffer-size=1 -Waddress -Warray-bounds -Wbad-function-cast -Wchar-subscripts -Wcomment -Wfloat-equal -Wformat-security -Wformat=2 -Wmaybe-uninitialized -Wmissing-field-initializers -Wmissing-noreturn -Wmissing-prototypes -Wnested-externs -Wnormalized=id -Woverride-init -Wpointer-arith -Wpointer-sign -Wredundant-decls -Wshadow -Wsign-compare  -Werror -Wstrict-overflow=1  -fvisibility=hidden conftest.c >&5
configure:24885: $? = 0
configure:24894: result: yes
configure:24907: : CFLAGS="$CFLAGS $flag"
configure:24910: $? = 0
configure:24929: checking whether C compiler accepts -Wstrict-prototypes
configure:24948: gcc -c  -Wno-pragmas -Wall -Wno-strict-aliasing -Wextra -Wunknown-pragmas --param=ssp-buffer-size=1 -Waddress -Warray-bounds -Wbad-function-cast -Wchar-subscripts -Wcomment -Wfloat-equal -Wformat-security -Wformat=2 -Wmaybe-uninitialized -Wmissing-field-initializers -Wmissing-noreturn -Wmissing-prototypes -Wnested-externs -Wnormalized=id -Woverride-init -Wpointer-arith -Wpointer-sign -Wredundant-decls -Wshadow -Wsign-compare -Wstrict-overflow=1  -Werror -Wstrict-prototypes  -fvisibility=hidden conftest.c >&5
conftest.c:51:1: error: function declaration isn't a prototype [-Werror=strict-prototypes]
 main ()
 ^
cc1: all warnings being treated as errors
configure:24948: $? = 1
configure: failed program was:
| /* confdefs.h */
| #define PACKAGE_NAME "wolfssl"
| #define PACKAGE_TARNAME "wolfssl"
| #define PACKAGE_VERSION "3.7.0"
| #define PACKAGE_STRING "wolfssl 3.7.0"
| #define PACKAGE_BUGREPORT "https://github.com/wolfssl/wolfssl/issues"
| #define PACKAGE_URL "http://www.wolfssl.com"
| #define STDC_HEADERS 1
| #define HAVE_SYS_TYPES_H 1
| #define HAVE_SYS_STAT_H 1
| #define HAVE_STDLIB_H 1
| #define HAVE_STRING_H 1
| #define HAVE_MEMORY_H 1
| #define HAVE_STRINGS_H 1
| #define HAVE_INTTYPES_H 1
| #define HAVE_STDINT_H 1
| #define HAVE_UNISTD_H 1
| #define HAVE_DLFCN_H 1
| #define LT_OBJDIR ".libs/"
| #define HAVE_VISIBILITY 1
| #define HAVE_GETHOSTBYNAME 1
| #define HAVE_GETADDRINFO 1
| #define HAVE_GETTIMEOFDAY 1
| #define HAVE_INET_NTOA 1
| #define HAVE_MEMSET 1
| #define HAVE_SOCKET 1
| #define HAVE_ARPA_INET_H 1
| #define HAVE_FCNTL_H 1
| #define HAVE_LIMITS_H 1
| #define HAVE_NETDB_H 1
| #define HAVE_NETINET_IN_H 1
| #define HAVE_STDDEF_H 1
| #define HAVE_SYS_IOCTL_H 1
| #define HAVE_SYS_SOCKET_H 1
| #define HAVE_SYS_TIME_H 1
| #define HAVE_ERRNO_H 1
| #define SIZEOF_LONG_LONG 8
| #define SIZEOF_LONG 8
| #define HAVE___UINT128_T 1
| #define TLS __thread
| #define DEBUG 0
| #define HAVE_PTHREAD_PRIO_INHERIT 1
| #define HAVE_PTHREAD 1
| #define HAVE_PCAP_PCAP_H 1
| #define BUILD_USER_RSA /**/
| #define VCS_SYSTEM "none"
| #define VCS_CHECKOUT 0
| /* end confdefs.h.  */
| 
| int
| main ()
| {
| 
|   ;
|   return 0;
| }
configure:24957: result: no
configure:24992: checking whether C compiler accepts -Wswitch-enum
configure:25011: gcc -c  -Wno-pragmas -Wall -Wno-strict-aliasing -Wextra -Wunknown-pragmas --param=ssp-buffer-size=1 -Waddress -Warray-bounds -Wbad-function-cast -Wchar-subscripts -Wcomment -Wfloat-equal -Wformat-security -Wformat=2 -Wmaybe-uninitialized -Wmissing-field-initializers -Wmissing-noreturn -Wmissing-prototypes -Wnested-externs -Wnormalized=id -Woverride-init -Wpointer-arith -Wpointer-sign -Wredundant-decls -Wshadow -Wsign-compare -Wstrict-overflow=1  -Werror -Wswitch-enum  -fvisibility=hidden conftest.c >&5
configure:25011: $? = 0
configure:25020: result: yes
configure:25033: : CFLAGS="$CFLAGS $flag"
configure:25036: $? = 0
configure:25055: checking whether C compiler accepts -Wundef
configure:25074: gcc -c  -Wno-pragmas -Wall -Wno-strict-aliasing -Wextra -Wunknown-pragmas --param=ssp-buffer-size=1 -Waddress -Warray-bounds -Wbad-function-cast -Wchar-subscripts -Wcomment -Wfloat-equal -Wformat-security -Wformat=2 -Wmaybe-uninitialized -Wmissing-field-initializers -Wmissing-noreturn -Wmissing-prototypes -Wnested-externs -Wnormalized=id -Woverride-init -Wpointer-arith -Wpointer-sign -Wredundant-decls -Wshadow -Wsign-compare -Wstrict-overflow=1 -Wswitch-enum  -Werror -Wundef  -fvisibility=hidden conftest.c >&5
configure:25074: $? = 0
configure:25083: result: yes
configure:25096: : CFLAGS="$CFLAGS $flag"
configure:25099: $? = 0
configure:25118: checking whether C compiler accepts -Wunused
configure:25137: gcc -c  -Wno-pragmas -Wall -Wno-strict-aliasing -Wextra -Wunknown-pragmas --param=ssp-buffer-size=1 -Waddress -Warray-bounds -Wbad-function-cast -Wchar-subscripts -Wcomment -Wfloat-equal -Wformat-security -Wformat=2 -Wmaybe-uninitialized -Wmissing-field-initializers -Wmissing-noreturn -Wmissing-prototypes -Wnested-externs -Wnormalized=id -Woverride-init -Wpointer-arith -Wpointer-sign -Wredundant-decls -Wshadow -Wsign-compare -Wstrict-overflow=1 -Wswitch-enum -Wundef  -Werror -Wunused  -fvisibility=hidden conftest.c >&5
configure:25137: $? = 0
configure:25146: result: yes
configure:25159: : CFLAGS="$CFLAGS $flag"
configure:25162: $? = 0
configure:25181: checking whether C compiler accepts -Wunused-result
configure:25200: gcc -c  -Wno-pragmas -Wall -Wno-strict-aliasing -Wextra -Wunknown-pragmas --param=ssp-buffer-size=1 -Waddress -Warray-bounds -Wbad-function-cast -Wchar-subscripts -Wcomment -Wfloat-equal -Wformat-security -Wformat=2 -Wmaybe-uninitialized -Wmissing-field-initializers -Wmissing-noreturn -Wmissing-prototypes -Wnested-externs -Wnormalized=id -Woverride-init -Wpointer-arith -Wpointer-sign -Wredundant-decls -Wshadow -Wsign-compare -Wstrict-overflow=1 -Wswitch-enum -Wundef -Wunused  -Werror -Wunused-result  -fvisibility=hidden conftest.c >&5
configure:25200: $? = 0
configure:25209: result: yes
configure:25222: : CFLAGS="$CFLAGS $flag"
configure:25225: $? = 0
configure:25244: checking whether C compiler accepts -Wunused-variable
configure:25263: gcc -c  -Wno-pragmas -Wall -Wno-strict-aliasing -Wextra -Wunknown-pragmas --param=ssp-buffer-size=1 -Waddress -Warray-bounds -Wbad-function-cast -Wchar-subscripts -Wcomment -Wfloat-equal -Wformat-security -Wformat=2 -Wmaybe-uninitialized -Wmissing-field-initializers -Wmissing-noreturn -Wmissing-prototypes -Wnested-externs -Wnormalized=id -Woverride-init -Wpointer-arith -Wpointer-sign -Wredundant-decls -Wshadow -Wsign-compare -Wstrict-overflow=1 -Wswitch-enum -Wundef -Wunused -Wunused-result  -Werror -Wunused-variable  -fvisibility=hidden conftest.c >&5
configure:25263: $? = 0
configure:25272: result: yes
configure:25285: : CFLAGS="$CFLAGS $flag"
configure:25288: $? = 0
configure:25307: checking whether C compiler accepts -Wwrite-strings
configure:25326: gcc -c  -Wno-pragmas -Wall -Wno-strict-aliasing -Wextra -Wunknown-pragmas --param=ssp-buffer-size=1 -Waddress -Warray-bounds -Wbad-function-cast -Wchar-subscripts -Wcomment -Wfloat-equal -Wformat-security -Wformat=2 -Wmaybe-uninitialized -Wmissing-field-initializers -Wmissing-noreturn -Wmissing-prototypes -Wnested-externs -Wnormalized=id -Woverride-init -Wpointer-arith -Wpointer-sign -Wredundant-decls -Wshadow -Wsign-compare -Wstrict-overflow=1 -Wswitch-enum -Wundef -Wunused -Wunused-result -Wunused-variable  -Werror -Wwrite-strings  -fvisibility=hidden conftest.c >&5
configure:25326: $? = 0
configure:25335: result: yes
configure:25348: : CFLAGS="$CFLAGS $flag"
configure:25351: $? = 0
configure:25370: checking whether C compiler accepts -fwrapv
configure:25389: gcc -c  -Wno-pragmas -Wall -Wno-strict-aliasing -Wextra -Wunknown-pragmas --param=ssp-buffer-size=1 -Waddress -Warray-bounds -Wbad-function-cast -Wchar-subscripts -Wcomment -Wfloat-equal -Wformat-security -Wformat=2 -Wmaybe-uninitialized -Wmissing-field-initializers -Wmissing-noreturn -Wmissing-prototypes -Wnested-externs -Wnormalized=id -Woverride-init -Wpointer-arith -Wpointer-sign -Wredundant-decls -Wshadow -Wsign-compare -Wstrict-overflow=1 -Wswitch-enum -Wundef -Wunused -Wunused-result -Wunused-variable -Wwrite-strings  -Werror -fwrapv  -fvisibility=hidden conftest.c >&5
configure:25389: $? = 0
configure:25398: result: yes
configure:25411: : CFLAGS="$CFLAGS $flag"
configure:25414: $? = 0
configure:25433: checking whether C compiler accepts -fPIE
configure:25452: gcc -c  -Wno-pragmas -Wall -Wno-strict-aliasing -Wextra -Wunknown-pragmas --param=ssp-buffer-size=1 -Waddress -Warray-bounds -Wbad-function-cast -Wchar-subscripts -Wcomment -Wfloat-equal -Wformat-security -Wformat=2 -Wmaybe-uninitialized -Wmissing-field-initializers -Wmissing-noreturn -Wmissing-prototypes -Wnested-externs -Wnormalized=id -Woverride-init -Wpointer-arith -Wpointer-sign -Wredundant-decls -Wshadow -Wsign-compare -Wstrict-overflow=1 -Wswitch-enum -Wundef -Wunused -Wunused-result -Wunused-variable -Wwrite-strings -fwrapv  -Werror -fPIE  -fvisibility=hidden conftest.c >&5
configure:25452: $? = 0
configure:25461: result: yes
configure:25474: : CFLAGS="$CFLAGS $flag"
configure:25477: $? = 0
configure:25549: result: creating wolfssl-config - generic 3.7.0 for -lwolfssl
configure:25677: checking the number of available CPUs
configure:25720: result: 2 
configure:25733: adding automake macro support
configure:25737: creating aminclude.am
configure:25767: added jobserver support to make for 3 jobs
configure:25888: checking that generated files are newer than configure
configure:25894: result: done
configure:26194: creating ./config.status

## ---------------------- ##
## Running config.status. ##
## ---------------------- ##

This file was extended by wolfssl config.status 3.7.0, which was
generated by GNU Autoconf 2.69.  Invocation command line was

  CONFIG_FILES    = 
  CONFIG_HEADERS  = 
  CONFIG_LINKS    = 
  CONFIG_COMMANDS = 
  $ ./config.status 

on deeks-Studio-XPS-1640

config.status:1320: creating stamp-h
config.status:1320: creating Makefile
config.status:1320: creating wolfssl/version.h
config.status:1320: creating wolfssl/options.h
config.status:1320: creating support/wolfssl.pc
config.status:1320: creating rpm/spec
config.status:1320: creating config.h
config.status:1549: executing depfiles commands
config.status:1549: executing libtool commands

## ---------------- ##
## Cache variables. ##
## ---------------- ##

ac_cv_build=x86_64-unknown-linux-gnu
ac_cv_c_bigendian=no
ac_cv_c_compiler_gnu=yes
ac_cv_c_uint8_t=yes
ac_cv_cxx_compiler_gnu=yes
ac_cv_env_CCASFLAGS_set=
ac_cv_env_CCASFLAGS_value=
ac_cv_env_CCAS_set=
ac_cv_env_CCAS_value=
ac_cv_env_CCC_set=
ac_cv_env_CCC_value=
ac_cv_env_CC_set=
ac_cv_env_CC_value=
ac_cv_env_CFLAGS_set=
ac_cv_env_CFLAGS_value=
ac_cv_env_CPPFLAGS_set=
ac_cv_env_CPPFLAGS_value=
ac_cv_env_CPP_set=
ac_cv_env_CPP_value=
ac_cv_env_CXXCPP_set=
ac_cv_env_CXXCPP_value=
ac_cv_env_CXXFLAGS_set=
ac_cv_env_CXXFLAGS_value=
ac_cv_env_CXX_set=
ac_cv_env_CXX_value=
ac_cv_env_LDFLAGS_set=
ac_cv_env_LDFLAGS_value=
ac_cv_env_LIBS_set=
ac_cv_env_LIBS_value=
ac_cv_env_build_alias_set=
ac_cv_env_build_alias_value=
ac_cv_env_host_alias_set=
ac_cv_env_host_alias_value=
ac_cv_env_target_alias_set=
ac_cv_env_target_alias_value=
ac_cv_func_getaddrinfo=yes
ac_cv_func_gethostbyname=yes
ac_cv_func_gettimeofday=yes
ac_cv_func_inet_ntoa=yes
ac_cv_func_memset=yes
ac_cv_func_socket=yes
ac_cv_header_arpa_inet_h=yes
ac_cv_header_dlfcn_h=yes
ac_cv_header_errno_h=yes
ac_cv_header_fcntl_h=yes
ac_cv_header_inttypes_h=yes
ac_cv_header_limits_h=yes
ac_cv_header_memory_h=yes
ac_cv_header_netdb_h=yes
ac_cv_header_netinet_in_h=yes
ac_cv_header_pcap_pcap_h=yes
ac_cv_header_stdc=yes
ac_cv_header_stddef_h=yes
ac_cv_header_stdint_h=yes
ac_cv_header_stdlib_h=yes
ac_cv_header_string_h=yes
ac_cv_header_strings_h=yes
ac_cv_header_sys_ioctl_h=yes
ac_cv_header_sys_socket_h=yes
ac_cv_header_sys_stat_h=yes
ac_cv_header_sys_time_h=yes
ac_cv_header_sys_types_h=yes
ac_cv_header_unistd_h=yes
ac_cv_host=x86_64-unknown-linux-gnu
ac_cv_lib_m_cos=yes
ac_cv_lib_network_socket=no
ac_cv_objext=o
ac_cv_path_EGREP='/bin/grep -E'
ac_cv_path_FGREP='/bin/grep -F'
ac_cv_path_GREP=/bin/grep
ac_cv_path_SED=/bin/sed
ac_cv_path_install='/usr/bin/install -c'
ac_cv_path_mkdir=/bin/mkdir
ac_cv_prog_AWK=mawk
ac_cv_prog_CPP='gcc -E'
ac_cv_prog_CXXCPP='g++ -E'
ac_cv_prog_ac_ct_AR=ar
ac_cv_prog_ac_ct_CC=gcc
ac_cv_prog_ac_ct_CXX=g++
ac_cv_prog_ac_ct_MANIFEST_TOOL=mt
ac_cv_prog_ac_ct_OBJDUMP=objdump
ac_cv_prog_ac_ct_RANLIB=ranlib
ac_cv_prog_ac_ct_STRIP=strip
ac_cv_prog_cc_c89=
ac_cv_prog_cc_g=yes
ac_cv_prog_cc_gcc_c_o=yes
ac_cv_prog_cxx_g=yes
ac_cv_prog_make_make_set=yes
ac_cv_search_gethostbyname='none required'
ac_cv_search_socket='none required'
ac_cv_sizeof_long=8
ac_cv_sizeof_long_long=8
ac_cv_tls=__thread
ac_cv_type___uint128_t=yes
ac_cv_type_size_t=yes
ac_cv_vcs_checkout=no
ac_cv_vcs_system=none
ac_cv_warnings_as_errors=no
am_cv_CCAS_dependencies_compiler_type=gcc3
am_cv_CC_dependencies_compiler_type=gcc3
am_cv_CXX_dependencies_compiler_type=gcc3
am_cv_make_support_nested_variables=yes
am_cv_prog_cc_c_o=yes
am_cv_prog_tar_ustar=gnutar
ax_cv_PTHREAD_PRIO_INHERIT=yes
ax_cv_check_cflags__=yes
ax_cv_check_cflags__Waddress=yes
ax_cv_check_cflags__Wall=yes
ax_cv_check_cflags__Warray_bounds=yes
ax_cv_check_cflags__Wbad_function_cast=yes
ax_cv_check_cflags__Wchar_subscripts=yes
ax_cv_check_cflags__Wcomment=yes
ax_cv_check_cflags__Wextra=yes
ax_cv_check_cflags__Wfloat_equal=yes
ax_cv_check_cflags__Wformat_2=yes
ax_cv_check_cflags__Wformat_security=yes
ax_cv_check_cflags__Wmaybe_uninitialized=yes
ax_cv_check_cflags__Wmissing_field_initializers=yes
ax_cv_check_cflags__Wmissing_noreturn=yes
ax_cv_check_cflags__Wmissing_prototypes=yes
ax_cv_check_cflags__Wnested_externs=yes
ax_cv_check_cflags__Wno_pragmas=yes
ax_cv_check_cflags__Wno_strict_aliasing=yes
ax_cv_check_cflags__Wnormalized_id=yes
ax_cv_check_cflags__Woverride_init=yes
ax_cv_check_cflags__Wpointer_arith=yes
ax_cv_check_cflags__Wpointer_sign=yes
ax_cv_check_cflags__Wredundant_decls=yes
ax_cv_check_cflags__Wshadow=yes
ax_cv_check_cflags__Wshorten_64_to_32=no
ax_cv_check_cflags__Wsign_compare=yes
ax_cv_check_cflags__Wstrict_overflow_1=yes
ax_cv_check_cflags__Wstrict_prototypes=no
ax_cv_check_cflags__Wswitch_enum=yes
ax_cv_check_cflags__Wthis_test_should_fail=no
ax_cv_check_cflags__Wundef=yes
ax_cv_check_cflags__Wunknown_pragmas=yes
ax_cv_check_cflags__Wunused=yes
ax_cv_check_cflags__Wunused_result=yes
ax_cv_check_cflags__Wunused_variable=yes
ax_cv_check_cflags__Wwrite_strings=yes
ax_cv_check_cflags___Werror=yes
ax_cv_check_cflags___param_ssp_buffer_size_1=yes
ax_cv_check_cflags__fPIE=yes
ax_cv_check_cflags__fwrapv=yes
ax_cv_check_ldflags___Werror=yes
ax_cv_check_ldflags__pie=yes
ax_cv_check_ldflags__z_relro__z_now=yes
gl_cv_cc_vis_werror=yes
gl_cv_cc_visibility=yes
lt_cv_ar_at_file=@
lt_cv_archive_cmds_need_lc=no
lt_cv_deplibs_check_method=pass_all
lt_cv_file_magic_cmd='$MAGIC_CMD'
lt_cv_file_magic_test_file=
lt_cv_ld_reload_flag=-r
lt_cv_nm_interface='BSD nm'
lt_cv_objdir=.libs
lt_cv_path_LD=/usr/bin/ld
lt_cv_path_LDCXX='/usr/bin/ld -m elf_x86_64'
lt_cv_path_NM='/usr/bin/nm -B'
lt_cv_path_mainfest_tool=no
lt_cv_prog_compiler_c_o=yes
lt_cv_prog_compiler_c_o_CXX=yes
lt_cv_prog_compiler_pic='-fPIC -DPIC'
lt_cv_prog_compiler_pic_CXX='-fPIC -DPIC'
lt_cv_prog_compiler_pic_works=yes
lt_cv_prog_compiler_pic_works_CXX=yes
lt_cv_prog_compiler_rtti_exceptions=no
lt_cv_prog_compiler_static_works=yes
lt_cv_prog_compiler_static_works_CXX=yes
lt_cv_prog_gnu_ld=yes
lt_cv_prog_gnu_ldcxx=yes
lt_cv_sharedlib_from_linklib_cmd='printf %s\n'
lt_cv_shlibpath_overrides_runpath=no
lt_cv_sys_global_symbol_pipe='sed -n -e '\''s/^.*[	 ]\([ABCDGIRSTW][ABCDGIRSTW]*\)[	 ][	 ]*\([_A-Za-z][_A-Za-z0-9]*\)$/\1 \2 \2/p'\'' | sed '\''/ __gnu_lto/d'\'''
lt_cv_sys_global_symbol_to_c_name_address='sed -n -e '\''s/^: \([^ ]*\)[ ]*$/  {\"\1\", (void *) 0},/p'\'' -e '\''s/^[ABCDGIRSTW]* \([^ ]*\) \([^ ]*\)$/  {"\2", (void *) \&\2},/p'\'''
lt_cv_sys_global_symbol_to_c_name_address_lib_prefix='sed -n -e '\''s/^: \([^ ]*\)[ ]*$/  {\"\1\", (void *) 0},/p'\'' -e '\''s/^[ABCDGIRSTW]* \([^ ]*\) \(lib[^ ]*\)$/  {"\2", (void *) \&\2},/p'\'' -e '\''s/^[ABCDGIRSTW]* \([^ ]*\) \([^ ]*\)$/  {"lib\2", (void *) \&\2},/p'\'''
lt_cv_sys_global_symbol_to_cdecl='sed -n -e '\''s/^T .* \(.*\)$/extern int \1();/p'\'' -e '\''s/^[ABCDGIRSTW]* .* \(.*\)$/extern char \1;/p'\'''
lt_cv_sys_max_cmd_len=1572864
lt_cv_to_host_file_cmd=func_convert_file_noop
lt_cv_to_tool_file_cmd=func_convert_file_noop

## ----------------- ##
## Output variables. ##
## ----------------- ##

ACLOCAL='${SHELL} /home/deeks/Desktop/SSL_Task/wolfssl-3.7.0/build-aux/missing aclocal-1.14'
AMDEPBACKSLASH='\'
AMDEP_FALSE='#'
AMDEP_TRUE=''
AMINCLUDE='aminclude.am'
AMTAR='$${TAR-tar}'
AM_BACKSLASH='\'
AM_CFLAGS='-D_POSIX_THREADS  -DHAVE_THREAD_LS -DNDEBUG -pthread -DWOLFSSL_SNIFFER -DOPENSSL_EXTRA -DHAVE_AESGCM -DWOLFSSL_SHA512 -DWOLFSSL_SHA384 -DNO_DSA -DHAVE_ECC -DTFM_ECC256 -DECC_SHAMIR -DNO_HC128 -DNO_RABBIT -DHAVE_POLY1305 -DHAVE_ONE_TIME_AUTH -DHAVE_CHACHA -DHAVE_HASHDRBG -DNO_PSK -DNO_MD4 -DNO_PWDBASED -DUSE_FAST_MATH -DWOLFSSL_X86_64_BUILD -Wall -Wno-unused -O2 -fomit-frame-pointer -DHAVE___UINT128_T'
AM_CPPFLAGS=' -fvisibility=hidden'
AM_DEFAULT_V='$(AM_DEFAULT_VERBOSITY)'
AM_DEFAULT_VERBOSITY='0'
AM_LDFLAGS=''
AM_V='$(V)'
AR='ar'
AUTOCONF='${SHELL} /home/deeks/Desktop/SSL_Task/wolfssl-3.7.0/build-aux/missing autoconf'
AUTOHEADER='${SHELL} /home/deeks/Desktop/SSL_Task/wolfssl-3.7.0/build-aux/missing autoheader'
AUTOMAKE='${SHELL} /home/deeks/Desktop/SSL_Task/wolfssl-3.7.0/build-aux/missing automake-1.14'
AWK='mawk'
BUILD_AESCCM_FALSE=''
BUILD_AESCCM_TRUE='#'
BUILD_AESGCM_FALSE='#'
BUILD_AESGCM_TRUE=''
BUILD_AESNI_FALSE=''
BUILD_AESNI_TRUE='#'
BUILD_AES_FALSE='#'
BUILD_AES_TRUE=''
BUILD_ASN_FALSE='#'
BUILD_ASN_TRUE=''
BUILD_BLAKE2_FALSE=''
BUILD_BLAKE2_TRUE='#'
BUILD_CAMELLIA_FALSE=''
BUILD_CAMELLIA_TRUE='#'
BUILD_CHACHA_FALSE='#'
BUILD_CHACHA_TRUE=''
BUILD_CODING_FALSE='#'
BUILD_CODING_TRUE=''
BUILD_CRL_FALSE=''
BUILD_CRL_MONITOR_FALSE=''
BUILD_CRL_MONITOR_TRUE='#'
BUILD_CRL_TRUE='#'
BUILD_CRYPTONLY_FALSE=''
BUILD_CRYPTONLY_TRUE='#'
BUILD_CURVE25519_FALSE=''
BUILD_CURVE25519_TRUE='#'
BUILD_CURVED25519_SMALL_FALSE=''
BUILD_CURVED25519_SMALL_TRUE='#'
BUILD_DES3_FALSE='#'
BUILD_DES3_TRUE=''
BUILD_DH_FALSE='#'
BUILD_DH_TRUE=''
BUILD_DSA_FALSE=''
BUILD_DSA_TRUE='#'
BUILD_ECC_FALSE='#'
BUILD_ECC_TRUE=''
BUILD_ED25519_FALSE=''
BUILD_ED25519_TRUE='#'
BUILD_EXAMPLES_FALSE='#'
BUILD_EXAMPLES_TRUE=''
BUILD_FASTMATH_FALSE='#'
BUILD_FASTMATH_TRUE=''
BUILD_FAST_RSA_FALSE=''
BUILD_FAST_RSA_TRUE='#'
BUILD_FEMATH_FALSE=''
BUILD_FEMATH_TRUE='#'
BUILD_FIPS_FALSE=''
BUILD_FIPS_TRUE='#'
BUILD_GEMATH_FALSE=''
BUILD_GEMATH_TRUE='#'
BUILD_HC128_FALSE=''
BUILD_HC128_TRUE='#'
BUILD_IDEA_FALSE=''
BUILD_IDEA_TRUE='#'
BUILD_INLINE_FALSE='#'
BUILD_INLINE_TRUE=''
BUILD_IPV6_FALSE=''
BUILD_IPV6_TRUE='#'
BUILD_LEANPSK_FALSE=''
BUILD_LEANPSK_TRUE='#'
BUILD_LIBZ_FALSE=''
BUILD_LIBZ_TRUE='#'
BUILD_MCAPI_FALSE=''
BUILD_MCAPI_TRUE='#'
BUILD_MD2_FALSE=''
BUILD_MD2_TRUE='#'
BUILD_MD4_FALSE=''
BUILD_MD4_TRUE='#'
BUILD_MD5_FALSE='#'
BUILD_MD5_TRUE=''
BUILD_MEMORY_FALSE='#'
BUILD_MEMORY_TRUE=''
BUILD_NTRU_FALSE=''
BUILD_NTRU_TRUE='#'
BUILD_OCSP_FALSE=''
BUILD_OCSP_TRUE='#'
BUILD_PKCS7_FALSE=''
BUILD_PKCS7_TRUE='#'
BUILD_POLY1305_FALSE='#'
BUILD_POLY1305_TRUE=''
BUILD_PWDBASED_FALSE=''
BUILD_PWDBASED_TRUE='#'
BUILD_RABBIT_FALSE=''
BUILD_RABBIT_TRUE='#'
BUILD_RC4_FALSE='#'
BUILD_RC4_TRUE=''
BUILD_RIPEMD_FALSE=''
BUILD_RIPEMD_TRUE='#'
BUILD_RSA_FALSE='#'
BUILD_RSA_TRUE=''
BUILD_SHA512_FALSE='#'
BUILD_SHA512_TRUE=''
BUILD_SHA_FALSE='#'
BUILD_SHA_TRUE=''
BUILD_SLOWMATH_FALSE=''
BUILD_SLOWMATH_TRUE='#'
BUILD_SNIFFER_FALSE='#'
BUILD_SNIFFER_TRUE=''
BUILD_SNIFFTEST_FALSE='#'
BUILD_SNIFFTEST_TRUE=''
BUILD_SRP_FALSE=''
BUILD_SRP_TRUE='#'
BUILD_USER_CRYPTO_FALSE=''
BUILD_USER_CRYPTO_TRUE='#'
BUILD_USER_RSA_FALSE=''
BUILD_USER_RSA_TRUE='#'
CC='gcc'
CCAS='gcc'
CCASDEPMODE='depmode=gcc3'
CCASFLAGS=''
CCDEPMODE='depmode=gcc3'
CFLAGS=' -Wno-pragmas -Wall -Wno-strict-aliasing -Wextra -Wunknown-pragmas --param=ssp-buffer-size=1 -Waddress -Warray-bounds -Wbad-function-cast -Wchar-subscripts -Wcomment -Wfloat-equal -Wformat-security -Wformat=2 -Wmaybe-uninitialized -Wmissing-field-initializers -Wmissing-noreturn -Wmissing-prototypes -Wnested-externs -Wnormalized=id -Woverride-init -Wpointer-arith -Wpointer-sign -Wredundant-decls -Wshadow -Wsign-compare -Wstrict-overflow=1 -Wswitch-enum -Wundef -Wunused -Wunused-result -Wunused-variable -Wwrite-strings -fwrapv -fPIE '
CFLAG_VISIBILITY='-fvisibility=hidden'
CPP='gcc -E'
CPPFLAGS=' -fvisibility=hidden'
CXX='g++'
CXXCPP='g++ -E'
CXXDEPMODE='depmode=gcc3'
CXXFLAGS='-g -O2'
CYGPATH_W='echo'
DEBUG_FALSE=''
DEBUG_TRUE='#'
DEFS='-DHAVE_CONFIG_H'
DEPDIR='.deps'
DLLTOOL='false'
DSYMUTIL=''
DUMPBIN=''
ECHO_C=''
ECHO_N='-n'
ECHO_T=''
EGREP='/bin/grep -E'
EXEEXT=''
FGREP='/bin/grep -F'
GENERIC_CONFIG='wolfssl-config'
GREP='/bin/grep'
HAVE_OPENSSL_CMD=''
HAVE_VALGRIND=''
HAVE_VISIBILITY='1'
HEX_VERSION='0x03007000'
INC_AMINCLUDE='include $(top_builddir)/aminclude.am'
INSTALL_DATA='${INSTALL} -m 644'
INSTALL_PROGRAM='${INSTALL}'
INSTALL_SCRIPT='${INSTALL}'
INSTALL_STRIP_PROGRAM='$(install_sh) -c -s'
IPPHEADERS=''
IPPLIBS=''
IPPLINK=''
IS_VCS_CHECKOUT_FALSE=''
IS_VCS_CHECKOUT_TRUE='#'
LD='/usr/bin/ld -m elf_x86_64'
LDFLAGS=''
LIBM='-lm'
LIBOBJS=''
LIBS=' '
LIBTOOL='$(SHELL) $(top_builddir)/libtool'
LIB_ADD=''
LIB_STATIC_ADD=''
LIPO=''
LN_S='ln -s'
LTLIBOBJS=''
MAKEINFO='${SHELL} /home/deeks/Desktop/SSL_Task/wolfssl-3.7.0/build-aux/missing makeinfo'
MANIFEST_TOOL=':'
MCHECK=''
MKDIR_P='/bin/mkdir -p'
NM='/usr/bin/nm -B'
NMEDIT=''
OBJDUMP='objdump'
OBJEXT='o'
OTOOL64=''
OTOOL=''
PACKAGE='wolfssl'
PACKAGE_BUGREPORT='https://github.com/wolfssl/wolfssl/issues'
PACKAGE_NAME='wolfssl'
PACKAGE_STRING='wolfssl 3.7.0'
PACKAGE_TARNAME='wolfssl'
PACKAGE_URL='http://www.wolfssl.com'
PACKAGE_VERSION='3.7.0'
PATH_SEPARATOR=':'
PTHREAD_CC='gcc'
PTHREAD_CFLAGS='-pthread'
PTHREAD_LIBS=''
RANLIB='ranlib'
SED='/bin/sed'
SET_MAKE=''
SHELL='/bin/bash'
STRIP='strip'
USE_VALGRIND_FALSE=''
USE_VALGRIND_TRUE='#'
VERSION='3.7.0'
WOLFSSL_LIBRARY_VERSION='2:0:1'
ac_ct_AR='ar'
ac_ct_CC='gcc'
ac_ct_CXX='g++'
ac_ct_DUMPBIN=''
am__EXEEXT_FALSE=''
am__EXEEXT_TRUE='#'
am__fastdepCCAS_FALSE='#'
am__fastdepCCAS_TRUE=''
am__fastdepCC_FALSE='#'
am__fastdepCC_TRUE=''
am__fastdepCXX_FALSE='#'
am__fastdepCXX_TRUE=''
am__include='include'
am__isrc=''
am__leading_dot='.'
am__nodep='_no'
am__quote=''
am__tar='tar --format=ustar -chf - "$$tardir"'
am__untar='tar -xf -'
ax_pthread_config=''
bindir='${exec_prefix}/bin'
build='x86_64-unknown-linux-gnu'
build_alias=''
build_cpu='x86_64'
build_os='linux-gnu'
build_vendor='unknown'
datadir='${datarootdir}'
datarootdir='${prefix}/share'
docdir='${datarootdir}/doc/${PACKAGE_TARNAME}'
dvidir='${docdir}'
exec_prefix='${prefix}'
host='x86_64-unknown-linux-gnu'
host_alias=''
host_cpu='x86_64'
host_os='linux-gnu'
host_vendor='unknown'
htmldir='${docdir}'
includedir='${prefix}/include'
infodir='${datarootdir}/info'
install_sh='${SHELL} /home/deeks/Desktop/SSL_Task/wolfssl-3.7.0/build-aux/install-sh'
libdir='${exec_prefix}/lib'
libexecdir='${exec_prefix}/libexec'
localedir='${datarootdir}/locale'
localstatedir='${prefix}/var'
mandir='${datarootdir}/man'
mkdir_p='$(MKDIR_P)'
oldincludedir='/usr/include'
pdfdir='${docdir}'
prefix='/usr/local'
program_transform_name='s,x,x,'
psdir='${docdir}'
sbindir='${exec_prefix}/sbin'
sharedstatedir='${prefix}/com'
sysconfdir='${prefix}/etc'
target_alias=''

## ----------- ##
## confdefs.h. ##
## ----------- ##

/* confdefs.h */
#define PACKAGE_NAME "wolfssl"
#define PACKAGE_TARNAME "wolfssl"
#define PACKAGE_VERSION "3.7.0"
#define PACKAGE_STRING "wolfssl 3.7.0"
#define PACKAGE_BUGREPORT "https://github.com/wolfssl/wolfssl/issues"
#define PACKAGE_URL "http://www.wolfssl.com"
#define STDC_HEADERS 1
#define HAVE_SYS_TYPES_H 1
#define HAVE_SYS_STAT_H 1
#define HAVE_STDLIB_H 1
#define HAVE_STRING_H 1
#define HAVE_MEMORY_H 1
#define HAVE_STRINGS_H 1
#define HAVE_INTTYPES_H 1
#define HAVE_STDINT_H 1
#define HAVE_UNISTD_H 1
#define HAVE_DLFCN_H 1
#define LT_OBJDIR ".libs/"
#define HAVE_VISIBILITY 1
#define HAVE_GETHOSTBYNAME 1
#define HAVE_GETADDRINFO 1
#define HAVE_GETTIMEOFDAY 1
#define HAVE_INET_NTOA 1
#define HAVE_MEMSET 1
#define HAVE_SOCKET 1
#define HAVE_ARPA_INET_H 1
#define HAVE_FCNTL_H 1
#define HAVE_LIMITS_H 1
#define HAVE_NETDB_H 1
#define HAVE_NETINET_IN_H 1
#define HAVE_STDDEF_H 1
#define HAVE_SYS_IOCTL_H 1
#define HAVE_SYS_SOCKET_H 1
#define HAVE_SYS_TIME_H 1
#define HAVE_ERRNO_H 1
#define SIZEOF_LONG_LONG 8
#define SIZEOF_LONG 8
#define HAVE___UINT128_T 1
#define TLS __thread
#define DEBUG 0
#define HAVE_PTHREAD_PRIO_INHERIT 1
#define HAVE_PTHREAD 1
#define HAVE_PCAP_PCAP_H 1
#define BUILD_USER_RSA /**/
#define VCS_SYSTEM "none"
#define VCS_CHECKOUT 0

configure: exit 0
