PING www.google.com (74.125.226.52) 56(84) bytes of data.
64 bytes from lga15s43-in-f20.1e100.net (74.125.226.52): icmp_seq=1 ttl=54 time=13.2 ms
64 bytes from lga15s43-in-f20.1e100.net (74.125.226.52): icmp_seq=2 ttl=54 time=14.9 ms

--- www.google.com ping statistics ---
2 packets transmitted, 2 received, 0% packet loss, time 1001ms
rtt min/avg/max/mdev = 13.220/14.103/14.986/0.883 ms
peer's cert info:
 issuer : /C=US/O=Google Inc/CN=Google Internet Authority G2
 subject: /C=US/ST=California/L=Mountain View/O=Google Inc/CN=www.google.com
 altname = www.google.com
 serial number:4e:af:49:28:ba:c6:7f:91 
SSL version is TLSv1.2
SSL cipher suite is TLS_RSA_WITH_AES_256_CBC_SHA256
SSL connect ok, sending GET...
Server response: HTTP/1.0 404 Not Found
Content-Type: text/html; charset=UTF-8
Content-Length:
 1571
Date: Fri, 01 Jan 2016 01:27:50 GMT
Server: GFE/2.0

<!DOCTYPE html>

<html lang=en>
  <meta charset=utf-8>
  <meta name=viewport content="initial-sc
ale=1, minimum-scale=1, width=device-width">
  <title>Error 404 (Not Found)!!1<
/title>
  <style>
    *{margin:0;padding:0}html,code{font:15px/22px arial,sans-
serif}html{background:#fff;color:#222;padding:15px}body{margin:7% auto 0;max-wi
dth:390px;min-height:180px;padding:30px 0 15px}* > body{background:url(//www.go
ogle.com/images/errors/robot.png) 100% 5px no-repeat;padding-right:205px}p{marg
in:11px 0 22px;overflow:hidden}ins{color:#777;text-decoration:none}a img{border
:0}@media screen and (max-width:772px){body{background:none;margin-top:0;max-wi
dth:none;padding-right:0}}#logo{background:url(//www.google.com/images/branding
/googlelogo/1x/googlelogo_color_150x54dp.png) no-repeat;margin-left:-5px}@media
 only screen and (min-resolution:192dpi){#logo{background:url(//www.google.com/
images/branding/googlelogo/2x/googlelogo_color_150x54dp.png) no-repeat 0% 0%/10
0% 100%;-moz-border-image:url(//www.google.com/images/branding/googlelogo/2x/go
oglelogo_color_150x54dp.png) 0}}@media only screen and (-webkit-min-device-pixe
l-ratio:2){#logo{background:url(//www.google.com/images/branding/googlelogo
/2x/googlelogo_color_150x54dp.png) no-repeat;-webkit-background-size:100% 100%}
}#logo{display:inline-block;height:54px;width:150px}
  </style>
  <a href=//www
.google.com/><span id=logo aria-label=Google></span></a>
  <p><b>404.</b> <ins>
That’s an error.</ins>
  <p>The requested URL <code>/index.html</code> was no
t found on this server.  <ins>That’s all we know.</ins>

